2026-04-14 09:41:33,082 [INFO] training — Training initialized | episodes=500 moving_average_window=20 early_stop=475.0
2026-04-14 09:41:33,091 [INFO] training — New best moving average 11.00 at episode 1. Checkpoint saved to /content/dqn/checkpoints/training_best_model.pt
2026-04-14 09:41:33,092 [INFO] training — Episode 001 | Reward:   11.0 | AvgReward(20):   11.00 | Loss:   0.000000 | Epsilon: 0.9850 | Replay:     11 | BestAvg:   11.00
2026-04-14 09:41:33,095 [INFO] training — New best moving average 14.50 at episode 2. Checkpoint saved to /content/dqn/checkpoints/training_best_model.pt
2026-04-14 09:41:33,095 [INFO] training — Episode 002 | Reward:   18.0 | AvgReward(20):   14.50 | Loss:   0.000000 | Epsilon: 0.9702 | Replay:     29 | BestAvg:   14.50
2026-04-14 09:41:33,096 [INFO] training — Episode 003 | Reward:   10.0 | AvgReward(20):   13.00 | Loss:   0.000000 | Epsilon: 0.9557 | Replay:     39 | BestAvg:   14.50
2026-04-14 09:41:33,096 [INFO] training — Episode 004 | Reward:   15.0 | AvgReward(20):   13.50 | Loss:   0.000000 | Epsilon: 0.9413 | Replay:     54 | BestAvg:   14.50
2026-04-14 09:41:33,154 [INFO] training — New best moving average 16.80 at episode 5. Checkpoint saved to /content/dqn/checkpoints/training_best_model.pt
2026-04-14 09:41:33,154 [INFO] training — Episode 005 | Reward:   30.0 | AvgReward(20):   16.80 | Loss:   0.000000 | Epsilon: 0.9272 | Replay:     84 | BestAvg:   16.80
2026-04-14 09:41:33,155 [INFO] training — Episode 006 | Reward:   11.0 | AvgReward(20):   15.83 | Loss:   0.000000 | Epsilon: 0.9133 | Replay:     95 | BestAvg:   16.80
2026-04-14 09:41:33,157 [INFO] training — Episode 007 | Reward:   15.0 | AvgReward(20):   15.71 | Loss:   0.000000 | Epsilon: 0.8996 | Replay:    110 | BestAvg:   16.80
2026-04-14 09:41:33,158 [INFO] training — Episode 008 | Reward:   18.0 | AvgReward(20):   16.00 | Loss:   0.000000 | Epsilon: 0.8861 | Replay:    128 | BestAvg:   16.80
2026-04-14 09:41:33,160 [INFO] training — Episode 009 | Reward:   23.0 | AvgReward(20):   16.78 | Loss:   0.000000 | Epsilon: 0.8728 | Replay:    151 | BestAvg:   16.80
2026-04-14 09:41:33,165 [INFO] training — New best moving average 17.90 at episode 10. Checkpoint saved to /content/dqn/checkpoints/training_best_model.pt
2026-04-14 09:41:33,165 [INFO] training — Episode 010 | Reward:   28.0 | AvgReward(20):   17.90 | Loss:   0.000000 | Epsilon: 0.8597 | Replay:    179 | BestAvg:   17.90
2026-04-14 09:41:33,169 [INFO] training — New best moving average 18.91 at episode 11. Checkpoint saved to /content/dqn/checkpoints/training_best_model.pt
2026-04-14 09:41:33,169 [INFO] training — Episode 011 | Reward:   29.0 | AvgReward(20):   18.91 | Loss:   0.000000 | Epsilon: 0.8468 | Replay:    208 | BestAvg:   18.91
2026-04-14 09:41:33,175 [INFO] training — New best moving average 19.75 at episode 12. Checkpoint saved to /content/dqn/checkpoints/training_best_model.pt
2026-04-14 09:41:33,175 [INFO] training — Episode 012 | Reward:   29.0 | AvgReward(20):   19.75 | Loss:   0.000000 | Epsilon: 0.8341 | Replay:    237 | BestAvg:   19.75
2026-04-14 09:41:33,181 [INFO] training — New best moving average 21.15 at episode 13. Checkpoint saved to /content/dqn/checkpoints/training_best_model.pt
2026-04-14 09:41:33,181 [INFO] training — Episode 013 | Reward:   38.0 | AvgReward(20):   21.15 | Loss:   0.000000 | Epsilon: 0.8216 | Replay:    275 | BestAvg:   21.15
2026-04-14 09:41:33,182 [INFO] training — Episode 014 | Reward:    8.0 | AvgReward(20):   20.21 | Loss:   0.000000 | Epsilon: 0.8093 | Replay:    283 | BestAvg:   21.15
2026-04-14 09:41:33,183 [INFO] training — Episode 015 | Reward:   10.0 | AvgReward(20):   19.53 | Loss:   0.000000 | Epsilon: 0.7972 | Replay:    293 | BestAvg:   21.15
2026-04-14 09:41:33,185 [INFO] training — Episode 016 | Reward:   28.0 | AvgReward(20):   20.06 | Loss:   0.000000 | Epsilon: 0.7852 | Replay:    321 | BestAvg:   21.15
2026-04-14 09:41:33,187 [INFO] training — Episode 017 | Reward:   20.0 | AvgReward(20):   20.06 | Loss:   0.000000 | Epsilon: 0.7734 | Replay:    341 | BestAvg:   21.15
2026-04-14 09:41:33,188 [INFO] training — Episode 018 | Reward:   25.0 | AvgReward(20):   20.33 | Loss:   0.000000 | Epsilon: 0.7618 | Replay:    366 | BestAvg:   21.15
2026-04-14 09:41:33,193 [INFO] training — Episode 019 | Reward:   31.0 | AvgReward(20):   20.89 | Loss:   0.000000 | Epsilon: 0.7504 | Replay:    397 | BestAvg:   21.15
2026-04-14 09:41:33,195 [INFO] training — Episode 020 | Reward:   20.0 | AvgReward(20):   20.85 | Loss:   0.000000 | Epsilon: 0.7391 | Replay:    417 | BestAvg:   21.15
2026-04-14 09:41:33,200 [INFO] training — New best moving average 21.70 at episode 21. Checkpoint saved to /content/dqn/checkpoints/training_best_model.pt
2026-04-14 09:41:33,200 [INFO] training — Episode 021 | Reward:   28.0 | AvgReward(20):   21.70 | Loss:   0.000000 | Epsilon: 0.7280 | Replay:    445 | BestAvg:   21.70
2026-04-14 09:41:33,206 [INFO] training — New best moving average 22.85 at episode 22. Checkpoint saved to /content/dqn/checkpoints/training_best_model.pt
2026-04-14 09:41:33,206 [INFO] training — Episode 022 | Reward:   41.0 | AvgReward(20):   22.85 | Loss:   0.000000 | Epsilon: 0.7171 | Replay:    486 | BestAvg:   22.85
2026-04-14 09:41:33,214 [INFO] training — New best moving average 24.10 at episode 23. Checkpoint saved to /content/dqn/checkpoints/training_best_model.pt
2026-04-14 09:41:33,214 [INFO] training — Episode 023 | Reward:   35.0 | AvgReward(20):   24.10 | Loss:   0.000000 | Epsilon: 0.7064 | Replay:    521 | BestAvg:   24.10
2026-04-14 09:41:33,217 [INFO] training — Episode 024 | Reward:   12.0 | AvgReward(20):   23.95 | Loss:   0.000000 | Epsilon: 0.6958 | Replay:    533 | BestAvg:   24.10
2026-04-14 09:41:33,220 [INFO] training — Episode 025 | Reward:   27.0 | AvgReward(20):   23.80 | Loss:   0.000000 | Epsilon: 0.6853 | Replay:    560 | BestAvg:   24.10
2026-04-14 09:41:33,222 [INFO] training — Episode 026 | Reward:   11.0 | AvgReward(20):   23.80 | Loss:   0.000000 | Epsilon: 0.6751 | Replay:    571 | BestAvg:   24.10
2026-04-14 09:41:33,225 [INFO] training — Episode 027 | Reward:   20.0 | AvgReward(20):   24.05 | Loss:   0.000000 | Epsilon: 0.6649 | Replay:    591 | BestAvg:   24.10
2026-04-14 09:41:33,232 [INFO] training — New best moving average 24.55 at episode 28. Checkpoint saved to /content/dqn/checkpoints/training_best_model.pt
2026-04-14 09:41:33,232 [INFO] training — Episode 028 | Reward:   28.0 | AvgReward(20):   24.55 | Loss:   0.000000 | Epsilon: 0.6550 | Replay:    619 | BestAvg:   24.55
2026-04-14 09:41:33,237 [INFO] training — New best moving average 24.60 at episode 29. Checkpoint saved to /content/dqn/checkpoints/training_best_model.pt
2026-04-14 09:41:33,237 [INFO] training — Episode 029 | Reward:   24.0 | AvgReward(20):   24.60 | Loss:   0.000000 | Epsilon: 0.6451 | Replay:    643 | BestAvg:   24.60
2026-04-14 09:41:33,245 [INFO] training — New best moving average 25.45 at episode 30. Checkpoint saved to /content/dqn/checkpoints/training_best_model.pt
2026-04-14 09:41:33,245 [INFO] training — Episode 030 | Reward:   45.0 | AvgReward(20):   25.45 | Loss:   0.000000 | Epsilon: 0.6355 | Replay:    688 | BestAvg:   25.45
2026-04-14 09:41:33,248 [INFO] training — Episode 031 | Reward:   19.0 | AvgReward(20):   24.95 | Loss:   0.000000 | Epsilon: 0.6259 | Replay:    707 | BestAvg:   25.45
2026-04-14 09:41:33,250 [INFO] training — Episode 032 | Reward:   16.0 | AvgReward(20):   24.30 | Loss:   0.000000 | Epsilon: 0.6165 | Replay:    723 | BestAvg:   25.45
2026-04-14 09:41:33,253 [INFO] training — Episode 033 | Reward:   15.0 | AvgReward(20):   23.15 | Loss:   0.000000 | Epsilon: 0.6073 | Replay:    738 | BestAvg:   25.45
2026-04-14 09:41:33,255 [INFO] training — Episode 034 | Reward:    9.0 | AvgReward(20):   23.20 | Loss:   0.000000 | Epsilon: 0.5982 | Replay:    747 | BestAvg:   25.45
2026-04-14 09:41:33,259 [INFO] training — Episode 035 | Reward:   24.0 | AvgReward(20):   23.90 | Loss:   0.000000 | Epsilon: 0.5892 | Replay:    771 | BestAvg:   25.45
2026-04-14 09:41:33,262 [INFO] training — Episode 036 | Reward:   11.0 | AvgReward(20):   23.05 | Loss:   0.000000 | Epsilon: 0.5804 | Replay:    782 | BestAvg:   25.45
2026-04-14 09:41:33,264 [INFO] training — Episode 037 | Reward:   11.0 | AvgReward(20):   22.60 | Loss:   0.000000 | Epsilon: 0.5717 | Replay:    793 | BestAvg:   25.45
2026-04-14 09:41:33,266 [INFO] training — Episode 038 | Reward:   19.0 | AvgReward(20):   22.30 | Loss:   0.000000 | Epsilon: 0.5631 | Replay:    812 | BestAvg:   25.45
2026-04-14 09:41:33,269 [INFO] training — Episode 039 | Reward:   14.0 | AvgReward(20):   21.45 | Loss:   0.000000 | Epsilon: 0.5546 | Replay:    826 | BestAvg:   25.45
2026-04-14 09:41:33,271 [INFO] training — Episode 040 | Reward:   14.0 | AvgReward(20):   21.15 | Loss:   0.000000 | Epsilon: 0.5463 | Replay:    840 | BestAvg:   25.45
2026-04-14 09:41:33,275 [INFO] training — Episode 041 | Reward:   29.0 | AvgReward(20):   21.20 | Loss:   0.000000 | Epsilon: 0.5381 | Replay:    869 | BestAvg:   25.45
2026-04-14 09:41:33,279 [INFO] training — Episode 042 | Reward:   14.0 | AvgReward(20):   19.85 | Loss:   0.000000 | Epsilon: 0.5301 | Replay:    883 | BestAvg:   25.45
2026-04-14 09:41:33,284 [INFO] training — Episode 043 | Reward:   22.0 | AvgReward(20):   19.20 | Loss:   0.000000 | Epsilon: 0.5221 | Replay:    905 | BestAvg:   25.45
2026-04-14 09:41:33,288 [INFO] training — Episode 044 | Reward:   20.0 | AvgReward(20):   19.60 | Loss:   0.000000 | Epsilon: 0.5143 | Replay:    925 | BestAvg:   25.45
2026-04-14 09:41:33,290 [INFO] training — Episode 045 | Reward:   16.0 | AvgReward(20):   19.05 | Loss:   0.000000 | Epsilon: 0.5066 | Replay:    941 | BestAvg:   25.45
2026-04-14 09:41:33,293 [INFO] training — Episode 046 | Reward:   15.0 | AvgReward(20):   19.25 | Loss:   0.000000 | Epsilon: 0.4990 | Replay:    956 | BestAvg:   25.45
2026-04-14 09:41:33,298 [INFO] training — Episode 047 | Reward:   29.0 | AvgReward(20):   19.70 | Loss:   0.000000 | Epsilon: 0.4915 | Replay:    985 | BestAvg:   25.45
2026-04-14 09:41:33,301 [INFO] training — Episode 048 | Reward:   18.0 | AvgReward(20):   19.20 | Loss:   0.000000 | Epsilon: 0.4841 | Replay:   1003 | BestAvg:   25.45
2026-04-14 09:41:33,305 [INFO] training — Episode 049 | Reward:   19.0 | AvgReward(20):   18.95 | Loss:   0.000000 | Epsilon: 0.4768 | Replay:   1022 | BestAvg:   25.45
2026-04-14 09:41:33,310 [INFO] training — Episode 050 | Reward:   21.0 | AvgReward(20):   17.75 | Loss:   0.000000 | Epsilon: 0.4697 | Replay:   1043 | BestAvg:   25.45
2026-04-14 09:41:33,312 [INFO] training — Episode 051 | Reward:   14.0 | AvgReward(20):   17.50 | Loss:   0.000000 | Epsilon: 0.4626 | Replay:   1057 | BestAvg:   25.45
2026-04-14 09:41:33,316 [INFO] training — Episode 052 | Reward:   20.0 | AvgReward(20):   17.70 | Loss:   0.000000 | Epsilon: 0.4557 | Replay:   1077 | BestAvg:   25.45
2026-04-14 09:41:33,319 [INFO] training — Episode 053 | Reward:   11.0 | AvgReward(20):   17.50 | Loss:   0.000000 | Epsilon: 0.4489 | Replay:   1088 | BestAvg:   25.45
2026-04-14 09:41:33,322 [INFO] training — Episode 054 | Reward:   11.0 | AvgReward(20):   17.60 | Loss:   0.000000 | Epsilon: 0.4421 | Replay:   1099 | BestAvg:   25.45
2026-04-14 09:41:33,325 [INFO] training — Episode 055 | Reward:   15.0 | AvgReward(20):   17.15 | Loss:   0.000000 | Epsilon: 0.4355 | Replay:   1114 | BestAvg:   25.45
2026-04-14 09:41:33,329 [INFO] training — Episode 056 | Reward:   13.0 | AvgReward(20):   17.25 | Loss:   0.000000 | Epsilon: 0.4290 | Replay:   1127 | BestAvg:   25.45
2026-04-14 09:41:33,336 [INFO] training — Episode 057 | Reward:   18.0 | AvgReward(20):   17.60 | Loss:   0.000000 | Epsilon: 0.4225 | Replay:   1145 | BestAvg:   25.45
2026-04-14 09:41:33,339 [INFO] training — Episode 058 | Reward:   10.0 | AvgReward(20):   17.15 | Loss:   0.000000 | Epsilon: 0.4162 | Replay:   1155 | BestAvg:   25.45
2026-04-14 09:41:33,341 [INFO] training — Episode 059 | Reward:   10.0 | AvgReward(20):   16.95 | Loss:   0.000000 | Epsilon: 0.4100 | Replay:   1165 | BestAvg:   25.45
2026-04-14 09:41:33,344 [INFO] training — Episode 060 | Reward:   12.0 | AvgReward(20):   16.85 | Loss:   0.000000 | Epsilon: 0.4038 | Replay:   1177 | BestAvg:   25.45
2026-04-14 09:41:33,347 [INFO] training — Episode 061 | Reward:   10.0 | AvgReward(20):   15.90 | Loss:   0.000000 | Epsilon: 0.3977 | Replay:   1187 | BestAvg:   25.45
2026-04-14 09:41:33,350 [INFO] training — Episode 062 | Reward:   14.0 | AvgReward(20):   15.90 | Loss:   0.000000 | Epsilon: 0.3918 | Replay:   1201 | BestAvg:   25.45
2026-04-14 09:41:33,354 [INFO] training — Episode 063 | Reward:   11.0 | AvgReward(20):   15.35 | Loss:   0.000000 | Epsilon: 0.3859 | Replay:   1212 | BestAvg:   25.45
2026-04-14 09:41:33,357 [INFO] training — Episode 064 | Reward:   11.0 | AvgReward(20):   14.90 | Loss:   0.000000 | Epsilon: 0.3801 | Replay:   1223 | BestAvg:   25.45
2026-04-14 09:41:33,359 [INFO] training — Episode 065 | Reward:   11.0 | AvgReward(20):   14.65 | Loss:   0.000000 | Epsilon: 0.3744 | Replay:   1234 | BestAvg:   25.45
2026-04-14 09:41:33,364 [INFO] training — Episode 066 | Reward:   22.0 | AvgReward(20):   15.00 | Loss:   0.000000 | Epsilon: 0.3688 | Replay:   1256 | BestAvg:   25.45
2026-04-14 09:41:33,367 [INFO] training — Episode 067 | Reward:   16.0 | AvgReward(20):   14.35 | Loss:   0.000000 | Epsilon: 0.3633 | Replay:   1272 | BestAvg:   25.45
2026-04-14 09:41:33,371 [INFO] training — Episode 068 | Reward:   15.0 | AvgReward(20):   14.20 | Loss:   0.000000 | Epsilon: 0.3578 | Replay:   1287 | BestAvg:   25.45
2026-04-14 09:41:33,376 [INFO] training — Episode 069 | Reward:   26.0 | AvgReward(20):   14.55 | Loss:   0.000000 | Epsilon: 0.3525 | Replay:   1313 | BestAvg:   25.45
2026-04-14 09:41:33,381 [INFO] training — Episode 070 | Reward:   20.0 | AvgReward(20):   14.50 | Loss:   0.000000 | Epsilon: 0.3472 | Replay:   1333 | BestAvg:   25.45
2026-04-14 09:41:33,385 [INFO] training — Episode 071 | Reward:   21.0 | AvgReward(20):   14.85 | Loss:   0.000000 | Epsilon: 0.3420 | Replay:   1354 | BestAvg:   25.45
2026-04-14 09:41:33,390 [INFO] training — Episode 072 | Reward:   23.0 | AvgReward(20):   15.00 | Loss:   0.000000 | Epsilon: 0.3368 | Replay:   1377 | BestAvg:   25.45
2026-04-14 09:41:33,394 [INFO] training — Episode 073 | Reward:   16.0 | AvgReward(20):   15.25 | Loss:   0.000000 | Epsilon: 0.3318 | Replay:   1393 | BestAvg:   25.45
2026-04-14 09:41:33,398 [INFO] training — Episode 074 | Reward:   15.0 | AvgReward(20):   15.45 | Loss:   0.000000 | Epsilon: 0.3268 | Replay:   1408 | BestAvg:   25.45
2026-04-14 09:41:33,401 [INFO] training — Episode 075 | Reward:   10.0 | AvgReward(20):   15.20 | Loss:   0.000000 | Epsilon: 0.3219 | Replay:   1418 | BestAvg:   25.45
2026-04-14 09:41:33,405 [INFO] training — Episode 076 | Reward:   13.0 | AvgReward(20):   15.20 | Loss:   0.000000 | Epsilon: 0.3171 | Replay:   1431 | BestAvg:   25.45
2026-04-14 09:41:33,407 [INFO] training — Episode 077 | Reward:    9.0 | AvgReward(20):   14.75 | Loss:   0.000000 | Epsilon: 0.3123 | Replay:   1440 | BestAvg:   25.45
2026-04-14 09:41:33,410 [INFO] training — Episode 078 | Reward:   10.0 | AvgReward(20):   14.75 | Loss:   0.000000 | Epsilon: 0.3076 | Replay:   1450 | BestAvg:   25.45
2026-04-14 09:41:33,413 [INFO] training — Episode 079 | Reward:   11.0 | AvgReward(20):   14.80 | Loss:   0.000000 | Epsilon: 0.3030 | Replay:   1461 | BestAvg:   25.45
2026-04-14 09:41:33,417 [INFO] training — Episode 080 | Reward:   12.0 | AvgReward(20):   14.80 | Loss:   0.000000 | Epsilon: 0.2985 | Replay:   1473 | BestAvg:   25.45
2026-04-14 09:41:33,422 [INFO] training — Episode 081 | Reward:   12.0 | AvgReward(20):   14.90 | Loss:   0.000000 | Epsilon: 0.2940 | Replay:   1485 | BestAvg:   25.45
2026-04-14 09:41:33,424 [INFO] training — Episode 082 | Reward:    8.0 | AvgReward(20):   14.60 | Loss:   0.000000 | Epsilon: 0.2896 | Replay:   1493 | BestAvg:   25.45
2026-04-14 09:41:33,428 [INFO] training — Episode 083 | Reward:   13.0 | AvgReward(20):   14.70 | Loss:   0.000000 | Epsilon: 0.2852 | Replay:   1506 | BestAvg:   25.45
2026-04-14 09:41:33,433 [INFO] training — Episode 084 | Reward:   20.0 | AvgReward(20):   15.15 | Loss:   0.000000 | Epsilon: 0.2810 | Replay:   1526 | BestAvg:   25.45
2026-04-14 09:41:33,439 [INFO] training — Episode 085 | Reward:   21.0 | AvgReward(20):   15.65 | Loss:   0.000000 | Epsilon: 0.2767 | Replay:   1547 | BestAvg:   25.45
2026-04-14 09:41:33,444 [INFO] training — Episode 086 | Reward:   18.0 | AvgReward(20):   15.45 | Loss:   0.000000 | Epsilon: 0.2726 | Replay:   1565 | BestAvg:   25.45
2026-04-14 09:41:33,449 [INFO] training — Episode 087 | Reward:   18.0 | AvgReward(20):   15.55 | Loss:   0.000000 | Epsilon: 0.2685 | Replay:   1583 | BestAvg:   25.45
2026-04-14 09:41:33,454 [INFO] training — Episode 088 | Reward:   21.0 | AvgReward(20):   15.85 | Loss:   0.000000 | Epsilon: 0.2645 | Replay:   1604 | BestAvg:   25.45
2026-04-14 09:41:33,457 [INFO] training — Episode 089 | Reward:   12.0 | AvgReward(20):   15.15 | Loss:   0.000000 | Epsilon: 0.2605 | Replay:   1616 | BestAvg:   25.45
2026-04-14 09:41:33,460 [INFO] training — Episode 090 | Reward:    9.0 | AvgReward(20):   14.60 | Loss:   0.000000 | Epsilon: 0.2566 | Replay:   1625 | BestAvg:   25.45
2026-04-14 09:41:33,463 [INFO] training — Episode 091 | Reward:   10.0 | AvgReward(20):   14.05 | Loss:   0.000000 | Epsilon: 0.2528 | Replay:   1635 | BestAvg:   25.45
2026-04-14 09:41:33,465 [INFO] training — Episode 092 | Reward:   12.0 | AvgReward(20):   13.50 | Loss:   0.000000 | Epsilon: 0.2490 | Replay:   1647 | BestAvg:   25.45
2026-04-14 09:41:33,469 [INFO] training — Episode 093 | Reward:   14.0 | AvgReward(20):   13.40 | Loss:   0.000000 | Epsilon: 0.2452 | Replay:   1661 | BestAvg:   25.45
2026-04-14 09:41:33,474 [INFO] training — Episode 094 | Reward:   19.0 | AvgReward(20):   13.60 | Loss:   0.000000 | Epsilon: 0.2415 | Replay:   1680 | BestAvg:   25.45
2026-04-14 09:41:33,477 [INFO] training — Episode 095 | Reward:   10.0 | AvgReward(20):   13.60 | Loss:   0.000000 | Epsilon: 0.2379 | Replay:   1690 | BestAvg:   25.45
2026-04-14 09:41:33,480 [INFO] training — Episode 096 | Reward:   11.0 | AvgReward(20):   13.50 | Loss:   0.000000 | Epsilon: 0.2344 | Replay:   1701 | BestAvg:   25.45
2026-04-14 09:41:33,484 [INFO] training — Episode 097 | Reward:   13.0 | AvgReward(20):   13.70 | Loss:   0.000000 | Epsilon: 0.2308 | Replay:   1714 | BestAvg:   25.45
2026-04-14 09:41:33,486 [INFO] training — Episode 098 | Reward:    9.0 | AvgReward(20):   13.65 | Loss:   0.000000 | Epsilon: 0.2274 | Replay:   1723 | BestAvg:   25.45
2026-04-14 09:41:33,490 [INFO] training — Episode 099 | Reward:   11.0 | AvgReward(20):   13.65 | Loss:   0.000000 | Epsilon: 0.2240 | Replay:   1734 | BestAvg:   25.45
2026-04-14 09:41:33,494 [INFO] training — Episode 100 | Reward:   17.0 | AvgReward(20):   13.90 | Loss:   0.000000 | Epsilon: 0.2206 | Replay:   1751 | BestAvg:   25.45
2026-04-14 09:41:33,498 [INFO] training — Episode 101 | Reward:   18.0 | AvgReward(20):   14.20 | Loss:   0.000000 | Epsilon: 0.2173 | Replay:   1769 | BestAvg:   25.45
2026-04-14 09:41:33,502 [INFO] training — Episode 102 | Reward:   12.0 | AvgReward(20):   14.40 | Loss:   0.000000 | Epsilon: 0.2140 | Replay:   1781 | BestAvg:   25.45
2026-04-14 09:41:33,504 [INFO] training — Episode 103 | Reward:    9.0 | AvgReward(20):   14.20 | Loss:   0.000000 | Epsilon: 0.2108 | Replay:   1790 | BestAvg:   25.45
2026-04-14 09:41:33,507 [INFO] training — Episode 104 | Reward:   13.0 | AvgReward(20):   13.85 | Loss:   0.000000 | Epsilon: 0.2077 | Replay:   1803 | BestAvg:   25.45
2026-04-14 09:41:33,510 [INFO] training — Episode 105 | Reward:   14.0 | AvgReward(20):   13.50 | Loss:   0.000000 | Epsilon: 0.2046 | Replay:   1817 | BestAvg:   25.45
2026-04-14 09:41:33,515 [INFO] training — Episode 106 | Reward:   20.0 | AvgReward(20):   13.60 | Loss:   0.000000 | Epsilon: 0.2015 | Replay:   1837 | BestAvg:   25.45
2026-04-14 09:41:33,521 [INFO] training — Episode 107 | Reward:   22.0 | AvgReward(20):   13.80 | Loss:   0.000000 | Epsilon: 0.1985 | Replay:   1859 | BestAvg:   25.45
2026-04-14 09:41:33,525 [INFO] training — Episode 108 | Reward:   18.0 | AvgReward(20):   13.65 | Loss:   0.000000 | Epsilon: 0.1955 | Replay:   1877 | BestAvg:   25.45
2026-04-14 09:41:33,529 [INFO] training — Episode 109 | Reward:   14.0 | AvgReward(20):   13.75 | Loss:   0.000000 | Epsilon: 0.1926 | Replay:   1891 | BestAvg:   25.45
2026-04-14 09:41:33,538 [INFO] training — Episode 110 | Reward:   23.0 | AvgReward(20):   14.45 | Loss:   0.000000 | Epsilon: 0.1897 | Replay:   1914 | BestAvg:   25.45
2026-04-14 09:41:33,542 [INFO] training — Episode 111 | Reward:   10.0 | AvgReward(20):   14.45 | Loss:   0.000000 | Epsilon: 0.1868 | Replay:   1924 | BestAvg:   25.45
2026-04-14 09:41:33,546 [INFO] training — Episode 112 | Reward:   11.0 | AvgReward(20):   14.40 | Loss:   0.000000 | Epsilon: 0.1840 | Replay:   1935 | BestAvg:   25.45
2026-04-14 09:41:33,549 [INFO] training — Episode 113 | Reward:   10.0 | AvgReward(20):   14.20 | Loss:   0.000000 | Epsilon: 0.1813 | Replay:   1945 | BestAvg:   25.45
2026-04-14 09:41:33,556 [INFO] training — Episode 114 | Reward:   28.0 | AvgReward(20):   14.65 | Loss:   0.000000 | Epsilon: 0.1785 | Replay:   1973 | BestAvg:   25.45
2026-04-14 09:41:33,561 [INFO] training — Episode 115 | Reward:   20.0 | AvgReward(20):   15.15 | Loss:   0.000000 | Epsilon: 0.1759 | Replay:   1993 | BestAvg:   25.45
2026-04-14 09:41:34,111 [INFO] training — Episode 116 | Reward:   10.0 | AvgReward(20):   15.10 | Loss:   0.936109 | Epsilon: 0.1732 | Replay:   2003 | BestAvg:   25.45
2026-04-14 09:41:34,135 [INFO] training — Episode 117 | Reward:   10.0 | AvgReward(20):   14.95 | Loss:   0.658861 | Epsilon: 0.1706 | Replay:   2013 | BestAvg:   25.45
2026-04-14 09:41:34,164 [INFO] training — Episode 118 | Reward:   10.0 | AvgReward(20):   15.00 | Loss:   0.883718 | Epsilon: 0.1681 | Replay:   2023 | BestAvg:   25.45
2026-04-14 09:41:34,192 [INFO] training — Episode 119 | Reward:   11.0 | AvgReward(20):   15.00 | Loss:   0.422852 | Epsilon: 0.1655 | Replay:   2034 | BestAvg:   25.45
2026-04-14 09:41:34,219 [INFO] training — Episode 120 | Reward:   11.0 | AvgReward(20):   14.70 | Loss:   0.158878 | Epsilon: 0.1631 | Replay:   2045 | BestAvg:   25.45
2026-04-14 09:41:34,243 [INFO] training — Episode 121 | Reward:    9.0 | AvgReward(20):   14.25 | Loss:   0.996254 | Epsilon: 0.1606 | Replay:   2054 | BestAvg:   25.45
2026-04-14 09:41:34,267 [INFO] training — Episode 122 | Reward:   10.0 | AvgReward(20):   14.15 | Loss:   0.494327 | Epsilon: 0.1582 | Replay:   2064 | BestAvg:   25.45
2026-04-14 09:41:34,293 [INFO] training — Episode 123 | Reward:   11.0 | AvgReward(20):   14.25 | Loss:   0.440807 | Epsilon: 0.1558 | Replay:   2075 | BestAvg:   25.45
2026-04-14 09:41:34,327 [INFO] training — Episode 124 | Reward:   14.0 | AvgReward(20):   14.30 | Loss:   1.009018 | Epsilon: 0.1535 | Replay:   2089 | BestAvg:   25.45
2026-04-14 09:41:34,352 [INFO] training — Episode 125 | Reward:    9.0 | AvgReward(20):   14.05 | Loss:   0.753185 | Epsilon: 0.1512 | Replay:   2098 | BestAvg:   25.45
2026-04-14 09:41:34,374 [INFO] training — Episode 126 | Reward:    9.0 | AvgReward(20):   13.50 | Loss:   0.492041 | Epsilon: 0.1489 | Replay:   2107 | BestAvg:   25.45
2026-04-14 09:41:34,398 [INFO] training — Episode 127 | Reward:    9.0 | AvgReward(20):   12.85 | Loss:   1.328614 | Epsilon: 0.1467 | Replay:   2116 | BestAvg:   25.45
2026-04-14 09:41:34,423 [INFO] training — Episode 128 | Reward:   10.0 | AvgReward(20):   12.45 | Loss:   0.897141 | Epsilon: 0.1445 | Replay:   2126 | BestAvg:   25.45
2026-04-14 09:41:34,453 [INFO] training — Episode 129 | Reward:    9.0 | AvgReward(20):   12.20 | Loss:   0.846361 | Epsilon: 0.1423 | Replay:   2135 | BestAvg:   25.45
2026-04-14 09:41:34,486 [INFO] training — Episode 130 | Reward:   11.0 | AvgReward(20):   11.60 | Loss:   1.483028 | Epsilon: 0.1402 | Replay:   2146 | BestAvg:   25.45
2026-04-14 09:41:34,520 [INFO] training — Episode 131 | Reward:   14.0 | AvgReward(20):   11.80 | Loss:   1.068285 | Epsilon: 0.1381 | Replay:   2160 | BestAvg:   25.45
2026-04-14 09:41:34,554 [INFO] training — Episode 132 | Reward:   13.0 | AvgReward(20):   11.90 | Loss:   1.214560 | Epsilon: 0.1360 | Replay:   2173 | BestAvg:   25.45
2026-04-14 09:41:34,575 [INFO] training — Episode 133 | Reward:    8.0 | AvgReward(20):   11.80 | Loss:   1.822242 | Epsilon: 0.1340 | Replay:   2181 | BestAvg:   25.45
2026-04-14 09:41:34,598 [INFO] training — Episode 134 | Reward:    9.0 | AvgReward(20):   10.85 | Loss:   1.521260 | Epsilon: 0.1320 | Replay:   2190 | BestAvg:   25.45
2026-04-14 09:41:34,649 [INFO] training — Episode 135 | Reward:   20.0 | AvgReward(20):   10.85 | Loss:   1.318883 | Epsilon: 0.1300 | Replay:   2210 | BestAvg:   25.45
2026-04-14 09:41:34,668 [INFO] training — Episode 136 | Reward:    8.0 | AvgReward(20):   10.75 | Loss:   2.171285 | Epsilon: 0.1280 | Replay:   2218 | BestAvg:   25.45
2026-04-14 09:41:34,692 [INFO] training — Episode 137 | Reward:   10.0 | AvgReward(20):   10.75 | Loss:   1.850443 | Epsilon: 0.1261 | Replay:   2228 | BestAvg:   25.45
2026-04-14 09:41:34,718 [INFO] training — Episode 138 | Reward:   11.0 | AvgReward(20):   10.80 | Loss:   1.403485 | Epsilon: 0.1242 | Replay:   2239 | BestAvg:   25.45
2026-04-14 09:41:34,739 [INFO] training — Episode 139 | Reward:    9.0 | AvgReward(20):   10.70 | Loss:   1.774489 | Epsilon: 0.1224 | Replay:   2248 | BestAvg:   25.45
2026-04-14 09:41:34,761 [INFO] training — Episode 140 | Reward:    9.0 | AvgReward(20):   10.60 | Loss:   1.210925 | Epsilon: 0.1205 | Replay:   2257 | BestAvg:   25.45
2026-04-14 09:41:34,785 [INFO] training — Episode 141 | Reward:   10.0 | AvgReward(20):   10.65 | Loss:   1.283511 | Epsilon: 0.1187 | Replay:   2267 | BestAvg:   25.45
2026-04-14 09:41:34,809 [INFO] training — Episode 142 | Reward:   10.0 | AvgReward(20):   10.65 | Loss:   2.025230 | Epsilon: 0.1169 | Replay:   2277 | BestAvg:   25.45
2026-04-14 09:41:34,832 [INFO] training — Episode 143 | Reward:   10.0 | AvgReward(20):   10.60 | Loss:   2.007998 | Epsilon: 0.1152 | Replay:   2287 | BestAvg:   25.45
2026-04-14 09:41:34,867 [INFO] training — Episode 144 | Reward:   10.0 | AvgReward(20):   10.40 | Loss:   1.272098 | Epsilon: 0.1135 | Replay:   2297 | BestAvg:   25.45
2026-04-14 09:41:34,894 [INFO] training — Episode 145 | Reward:   11.0 | AvgReward(20):   10.50 | Loss:   1.861051 | Epsilon: 0.1118 | Replay:   2308 | BestAvg:   25.45
2026-04-14 09:41:34,925 [INFO] training — Episode 146 | Reward:   13.0 | AvgReward(20):   10.70 | Loss:   1.160714 | Epsilon: 0.1101 | Replay:   2321 | BestAvg:   25.45
2026-04-14 09:41:34,957 [INFO] training — Episode 147 | Reward:   13.0 | AvgReward(20):   10.90 | Loss:   2.181155 | Epsilon: 0.1084 | Replay:   2334 | BestAvg:   25.45
2026-04-14 09:41:34,996 [INFO] training — Episode 148 | Reward:   16.0 | AvgReward(20):   11.20 | Loss:   2.528728 | Epsilon: 0.1068 | Replay:   2350 | BestAvg:   25.45
2026-04-14 09:41:35,029 [INFO] training — Episode 149 | Reward:   14.0 | AvgReward(20):   11.45 | Loss:   1.566014 | Epsilon: 0.1052 | Replay:   2364 | BestAvg:   25.45
2026-04-14 09:41:35,061 [INFO] training — Episode 150 | Reward:   13.0 | AvgReward(20):   11.55 | Loss:   1.849370 | Epsilon: 0.1036 | Replay:   2377 | BestAvg:   25.45
2026-04-14 09:41:35,100 [INFO] training — Episode 151 | Reward:   16.0 | AvgReward(20):   11.65 | Loss:   2.954929 | Epsilon: 0.1021 | Replay:   2393 | BestAvg:   25.45
2026-04-14 09:41:35,165 [INFO] training — Episode 152 | Reward:   27.0 | AvgReward(20):   12.35 | Loss:   2.586217 | Epsilon: 0.1005 | Replay:   2420 | BestAvg:   25.45
2026-04-14 09:41:35,210 [INFO] training — Episode 153 | Reward:   18.0 | AvgReward(20):   12.85 | Loss:   3.163735 | Epsilon: 0.0990 | Replay:   2438 | BestAvg:   25.45
2026-04-14 09:41:35,301 [INFO] training — Episode 154 | Reward:   35.0 | AvgReward(20):   14.15 | Loss:   2.282950 | Epsilon: 0.0975 | Replay:   2473 | BestAvg:   25.45
2026-04-14 09:41:35,373 [INFO] training — Episode 155 | Reward:   28.0 | AvgReward(20):   14.55 | Loss:   2.364446 | Epsilon: 0.0961 | Replay:   2501 | BestAvg:   25.45
2026-04-14 09:41:35,497 [INFO] training — Episode 156 | Reward:   43.0 | AvgReward(20):   16.30 | Loss:   1.934669 | Epsilon: 0.0946 | Replay:   2544 | BestAvg:   25.45
2026-04-14 09:41:35,609 [INFO] training — Episode 157 | Reward:   43.0 | AvgReward(20):   17.95 | Loss:   2.523246 | Epsilon: 0.0932 | Replay:   2587 | BestAvg:   25.45
2026-04-14 09:41:35,699 [INFO] training — Episode 158 | Reward:   35.0 | AvgReward(20):   19.15 | Loss:   2.393785 | Epsilon: 0.0918 | Replay:   2622 | BestAvg:   25.45
2026-04-14 09:41:35,811 [INFO] training — Episode 159 | Reward:   44.0 | AvgReward(20):   20.90 | Loss:   2.530580 | Epsilon: 0.0904 | Replay:   2666 | BestAvg:   25.45
2026-04-14 09:41:36,040 [INFO] training — Episode 160 | Reward:   86.0 | AvgReward(20):   24.75 | Loss:   3.181920 | Epsilon: 0.0891 | Replay:   2752 | BestAvg:   25.45
2026-04-14 09:41:36,176 [INFO] training — New best moving average 26.85 at episode 161. Checkpoint saved to /content/dqn/checkpoints/training_best_model.pt
2026-04-14 09:41:36,176 [INFO] training — Episode 161 | Reward:   52.0 | AvgReward(20):   26.85 | Loss:   3.000165 | Epsilon: 0.0877 | Replay:   2804 | BestAvg:   26.85
2026-04-14 09:41:36,347 [INFO] training — New best moving average 29.40 at episode 162. Checkpoint saved to /content/dqn/checkpoints/training_best_model.pt
2026-04-14 09:41:36,347 [INFO] training — Episode 162 | Reward:   61.0 | AvgReward(20):   29.40 | Loss:   2.995492 | Epsilon: 0.0864 | Replay:   2865 | BestAvg:   29.40
2026-04-14 09:41:36,510 [INFO] training — New best moving average 31.95 at episode 163. Checkpoint saved to /content/dqn/checkpoints/training_best_model.pt
2026-04-14 09:41:36,510 [INFO] training — Episode 163 | Reward:   61.0 | AvgReward(20):   31.95 | Loss:   2.256885 | Epsilon: 0.0851 | Replay:   2926 | BestAvg:   31.95
2026-04-14 09:41:36,635 [INFO] training — New best moving average 33.95 at episode 164. Checkpoint saved to /content/dqn/checkpoints/training_best_model.pt
2026-04-14 09:41:36,635 [INFO] training — Episode 164 | Reward:   50.0 | AvgReward(20):   33.95 | Loss:   2.467759 | Epsilon: 0.0839 | Replay:   2976 | BestAvg:   33.95
2026-04-14 09:41:36,932 [INFO] training — New best moving average 39.00 at episode 165. Checkpoint saved to /content/dqn/checkpoints/training_best_model.pt
2026-04-14 09:41:36,932 [INFO] training — Episode 165 | Reward:  112.0 | AvgReward(20):   39.00 | Loss:   2.150210 | Epsilon: 0.0826 | Replay:   3088 | BestAvg:   39.00
2026-04-14 09:41:37,300 [INFO] training — New best moving average 45.55 at episode 166. Checkpoint saved to /content/dqn/checkpoints/training_best_model.pt
2026-04-14 09:41:37,300 [INFO] training — Episode 166 | Reward:  144.0 | AvgReward(20):   45.55 | Loss:   2.919228 | Epsilon: 0.0814 | Replay:   3232 | BestAvg:   45.55
2026-04-14 09:41:37,669 [INFO] training — New best moving average 52.05 at episode 167. Checkpoint saved to /content/dqn/checkpoints/training_best_model.pt
2026-04-14 09:41:37,669 [INFO] training — Episode 167 | Reward:  143.0 | AvgReward(20):   52.05 | Loss:   2.498844 | Epsilon: 0.0801 | Replay:   3375 | BestAvg:   52.05
2026-04-14 09:41:38,114 [INFO] training — New best moving average 57.35 at episode 168. Checkpoint saved to /content/dqn/checkpoints/training_best_model.pt
2026-04-14 09:41:38,115 [INFO] training — Episode 168 | Reward:  122.0 | AvgReward(20):   57.35 | Loss:   2.631135 | Epsilon: 0.0789 | Replay:   3497 | BestAvg:   57.35
2026-04-14 09:41:39,218 [INFO] training — New best moving average 69.85 at episode 169. Checkpoint saved to /content/dqn/checkpoints/training_best_model.pt
2026-04-14 09:41:39,218 [INFO] training — Episode 169 | Reward:  264.0 | AvgReward(20):   69.85 | Loss:   2.024020 | Epsilon: 0.0778 | Replay:   3761 | BestAvg:   69.85
2026-04-14 09:41:40,051 [INFO] training — New best moving average 82.55 at episode 170. Checkpoint saved to /content/dqn/checkpoints/training_best_model.pt
2026-04-14 09:41:40,051 [INFO] training — Episode 170 | Reward:  267.0 | AvgReward(20):   82.55 | Loss:   1.874451 | Epsilon: 0.0766 | Replay:   4028 | BestAvg:   82.55
2026-04-14 09:41:40,759 [INFO] training — New best moving average 92.30 at episode 171. Checkpoint saved to /content/dqn/checkpoints/training_best_model.pt
2026-04-14 09:41:40,759 [INFO] training — Episode 171 | Reward:  211.0 | AvgReward(20):   92.30 | Loss:   1.518433 | Epsilon: 0.0754 | Replay:   4239 | BestAvg:   92.30
2026-04-14 09:41:41,225 [INFO] training — New best moving average 99.95 at episode 172. Checkpoint saved to /content/dqn/checkpoints/training_best_model.pt
2026-04-14 09:41:41,225 [INFO] training — Episode 172 | Reward:  180.0 | AvgReward(20):   99.95 | Loss:   1.766774 | Epsilon: 0.0743 | Replay:   4419 | BestAvg:   99.95
2026-04-14 09:41:41,627 [INFO] training — New best moving average 106.80 at episode 173. Checkpoint saved to /content/dqn/checkpoints/training_best_model.pt
2026-04-14 09:41:41,627 [INFO] training — Episode 173 | Reward:  155.0 | AvgReward(20):  106.80 | Loss:   1.265088 | Epsilon: 0.0732 | Replay:   4574 | BestAvg:  106.80
2026-04-14 09:41:42,156 [INFO] training — New best moving average 115.60 at episode 174. Checkpoint saved to /content/dqn/checkpoints/training_best_model.pt
2026-04-14 09:41:42,156 [INFO] training — Episode 174 | Reward:  211.0 | AvgReward(20):  115.60 | Loss:   1.582963 | Epsilon: 0.0721 | Replay:   4785 | BestAvg:  115.60
2026-04-14 09:41:42,725 [INFO] training — New best moving average 125.20 at episode 175. Checkpoint saved to /content/dqn/checkpoints/training_best_model.pt
2026-04-14 09:41:42,725 [INFO] training — Episode 175 | Reward:  220.0 | AvgReward(20):  125.20 | Loss:   1.708970 | Epsilon: 0.0710 | Replay:   5005 | BestAvg:  125.20
2026-04-14 09:41:43,425 [INFO] training — New best moving average 136.40 at episode 176. Checkpoint saved to /content/dqn/checkpoints/training_best_model.pt
2026-04-14 09:41:43,425 [INFO] training — Episode 176 | Reward:  267.0 | AvgReward(20):  136.40 | Loss:   1.170320 | Epsilon: 0.0699 | Replay:   5272 | BestAvg:  136.40
2026-04-14 09:41:44,229 [INFO] training — New best moving average 150.15 at episode 177. Checkpoint saved to /content/dqn/checkpoints/training_best_model.pt
2026-04-14 09:41:44,229 [INFO] training — Episode 177 | Reward:  318.0 | AvgReward(20):  150.15 | Loss:   1.290472 | Epsilon: 0.0689 | Replay:   5590 | BestAvg:  150.15
2026-04-14 09:41:45,237 [INFO] training — New best moving average 168.10 at episode 178. Checkpoint saved to /content/dqn/checkpoints/training_best_model.pt
2026-04-14 09:41:45,237 [INFO] training — Episode 178 | Reward:  394.0 | AvgReward(20):  168.10 | Loss:   1.386944 | Epsilon: 0.0679 | Replay:   5984 | BestAvg:  168.10
2026-04-14 09:41:45,870 [INFO] training — New best moving average 177.75 at episode 179. Checkpoint saved to /content/dqn/checkpoints/training_best_model.pt
2026-04-14 09:41:45,870 [INFO] training — Episode 179 | Reward:  237.0 | AvgReward(20):  177.75 | Loss:   1.229094 | Epsilon: 0.0668 | Replay:   6221 | BestAvg:  177.75
2026-04-14 09:41:46,481 [INFO] training — New best moving average 185.10 at episode 180. Checkpoint saved to /content/dqn/checkpoints/training_best_model.pt
2026-04-14 09:41:46,481 [INFO] training — Episode 180 | Reward:  233.0 | AvgReward(20):  185.10 | Loss:   1.286876 | Epsilon: 0.0658 | Replay:   6454 | BestAvg:  185.10
2026-04-14 09:41:47,104 [INFO] training — New best moving average 194.80 at episode 181. Checkpoint saved to /content/dqn/checkpoints/training_best_model.pt
2026-04-14 09:41:47,104 [INFO] training — Episode 181 | Reward:  246.0 | AvgReward(20):  194.80 | Loss:   1.434829 | Epsilon: 0.0649 | Replay:   6700 | BestAvg:  194.80
2026-04-14 09:41:47,657 [INFO] training — New best moving average 201.70 at episode 182. Checkpoint saved to /content/dqn/checkpoints/training_best_model.pt
2026-04-14 09:41:47,657 [INFO] training — Episode 182 | Reward:  199.0 | AvgReward(20):  201.70 | Loss:   1.221280 | Epsilon: 0.0639 | Replay:   6899 | BestAvg:  201.70
2026-04-14 09:41:48,356 [INFO] training — New best moving average 212.20 at episode 183. Checkpoint saved to /content/dqn/checkpoints/training_best_model.pt
2026-04-14 09:41:48,356 [INFO] training — Episode 183 | Reward:  271.0 | AvgReward(20):  212.20 | Loss:   1.272670 | Epsilon: 0.0629 | Replay:   7170 | BestAvg:  212.20
2026-04-14 09:41:49,272 [INFO] training — New best moving average 227.50 at episode 184. Checkpoint saved to /content/dqn/checkpoints/training_best_model.pt
2026-04-14 09:41:49,273 [INFO] training — Episode 184 | Reward:  356.0 | AvgReward(20):  227.50 | Loss:   1.268760 | Epsilon: 0.0620 | Replay:   7526 | BestAvg:  227.50
2026-04-14 09:41:49,758 [INFO] training — New best moving average 231.00 at episode 185. Checkpoint saved to /content/dqn/checkpoints/training_best_model.pt
2026-04-14 09:41:49,758 [INFO] training — Episode 185 | Reward:  182.0 | AvgReward(20):  231.00 | Loss:   1.385639 | Epsilon: 0.0611 | Replay:   7708 | BestAvg:  231.00
2026-04-14 09:41:50,339 [INFO] training — New best moving average 234.90 at episode 186. Checkpoint saved to /content/dqn/checkpoints/training_best_model.pt
2026-04-14 09:41:50,339 [INFO] training — Episode 186 | Reward:  222.0 | AvgReward(20):  234.90 | Loss:   1.155802 | Epsilon: 0.0601 | Replay:   7930 | BestAvg:  234.90
2026-04-14 09:41:50,988 [INFO] training — New best moving average 238.25 at episode 187. Checkpoint saved to /content/dqn/checkpoints/training_best_model.pt
2026-04-14 09:41:50,988 [INFO] training — Episode 187 | Reward:  210.0 | AvgReward(20):  238.25 | Loss:   1.497468 | Epsilon: 0.0592 | Replay:   8140 | BestAvg:  238.25
2026-04-14 09:41:51,676 [INFO] training — New best moving average 242.35 at episode 188. Checkpoint saved to /content/dqn/checkpoints/training_best_model.pt
2026-04-14 09:41:51,676 [INFO] training — Episode 188 | Reward:  204.0 | AvgReward(20):  242.35 | Loss:   1.467701 | Epsilon: 0.0583 | Replay:   8344 | BestAvg:  242.35
2026-04-14 09:41:52,288 [INFO] training — Episode 189 | Reward:  192.0 | AvgReward(20):  238.75 | Loss:   1.407845 | Epsilon: 0.0575 | Replay:   8536 | BestAvg:  242.35
2026-04-14 09:41:53,150 [INFO] training — Episode 190 | Reward:  250.0 | AvgReward(20):  237.90 | Loss:   1.497924 | Epsilon: 0.0566 | Replay:   8786 | BestAvg:  242.35
2026-04-14 09:41:53,554 [INFO] training — Episode 191 | Reward:  159.0 | AvgReward(20):  235.30 | Loss:   1.583508 | Epsilon: 0.0558 | Replay:   8945 | BestAvg:  242.35
2026-04-14 09:41:54,104 [INFO] training — Episode 192 | Reward:  216.0 | AvgReward(20):  237.10 | Loss:   1.234165 | Epsilon: 0.0549 | Replay:   9161 | BestAvg:  242.35
2026-04-14 09:41:54,586 [INFO] training — Episode 193 | Reward:  169.0 | AvgReward(20):  237.80 | Loss:   1.768438 | Epsilon: 0.0541 | Replay:   9330 | BestAvg:  242.35
2026-04-14 09:41:55,276 [INFO] training — Episode 194 | Reward:  252.0 | AvgReward(20):  239.85 | Loss:   1.526745 | Epsilon: 0.0533 | Replay:   9582 | BestAvg:  242.35
2026-04-14 09:41:55,739 [INFO] training — Episode 195 | Reward:  176.0 | AvgReward(20):  237.65 | Loss:   1.407224 | Epsilon: 0.0525 | Replay:   9758 | BestAvg:  242.35
2026-04-14 09:41:56,333 [INFO] training — Episode 196 | Reward:  231.0 | AvgReward(20):  235.85 | Loss:   1.747523 | Epsilon: 0.0517 | Replay:   9989 | BestAvg:  242.35
2026-04-14 09:41:56,781 [INFO] training — Episode 197 | Reward:  167.0 | AvgReward(20):  228.30 | Loss:   1.477066 | Epsilon: 0.0509 | Replay:  10156 | BestAvg:  242.35
2026-04-14 09:41:57,238 [INFO] training — Episode 198 | Reward:  177.0 | AvgReward(20):  217.45 | Loss:   1.912476 | Epsilon: 0.0502 | Replay:  10333 | BestAvg:  242.35
2026-04-14 09:41:57,692 [INFO] training — Episode 199 | Reward:  172.0 | AvgReward(20):  214.20 | Loss:   2.094650 | Epsilon: 0.0494 | Replay:  10505 | BestAvg:  242.35
2026-04-14 09:41:58,121 [INFO] training — Episode 200 | Reward:  158.0 | AvgReward(20):  210.45 | Loss:   1.824401 | Epsilon: 0.0487 | Replay:  10663 | BestAvg:  242.35
2026-04-14 09:41:58,702 [INFO] training — Episode 201 | Reward:  218.0 | AvgReward(20):  209.05 | Loss:   1.914022 | Epsilon: 0.0479 | Replay:  10881 | BestAvg:  242.35
2026-04-14 09:41:59,115 [INFO] training — Episode 202 | Reward:  154.0 | AvgReward(20):  206.80 | Loss:   1.925244 | Epsilon: 0.0472 | Replay:  11035 | BestAvg:  242.35
2026-04-14 09:41:59,523 [INFO] training — Episode 203 | Reward:  155.0 | AvgReward(20):  201.00 | Loss:   1.722804 | Epsilon: 0.0465 | Replay:  11190 | BestAvg:  242.35
2026-04-14 09:42:00,003 [INFO] training — Episode 204 | Reward:  182.0 | AvgReward(20):  192.30 | Loss:   1.620294 | Epsilon: 0.0458 | Replay:  11372 | BestAvg:  242.35
2026-04-14 09:42:00,532 [INFO] training — Episode 205 | Reward:  204.0 | AvgReward(20):  193.40 | Loss:   1.780746 | Epsilon: 0.0451 | Replay:  11576 | BestAvg:  242.35
2026-04-14 09:42:00,986 [INFO] training — Episode 206 | Reward:  167.0 | AvgReward(20):  190.65 | Loss:   2.345571 | Epsilon: 0.0444 | Replay:  11743 | BestAvg:  242.35
2026-04-14 09:42:01,800 [INFO] training — Episode 207 | Reward:  313.0 | AvgReward(20):  195.80 | Loss:   1.838314 | Epsilon: 0.0438 | Replay:  12056 | BestAvg:  242.35
2026-04-14 09:42:02,196 [INFO] training — Episode 208 | Reward:  152.0 | AvgReward(20):  193.20 | Loss:   2.068270 | Epsilon: 0.0431 | Replay:  12208 | BestAvg:  242.35
2026-04-14 09:42:02,661 [INFO] training — Episode 209 | Reward:  179.0 | AvgReward(20):  192.55 | Loss:   2.253858 | Epsilon: 0.0425 | Replay:  12387 | BestAvg:  242.35
2026-04-14 09:42:03,264 [INFO] training — Episode 210 | Reward:  209.0 | AvgReward(20):  190.50 | Loss:   2.096100 | Epsilon: 0.0418 | Replay:  12596 | BestAvg:  242.35
2026-04-14 09:42:03,727 [INFO] training — Episode 211 | Reward:  152.0 | AvgReward(20):  190.15 | Loss:   2.213503 | Epsilon: 0.0412 | Replay:  12748 | BestAvg:  242.35
2026-04-14 09:42:04,304 [INFO] training — Episode 212 | Reward:  184.0 | AvgReward(20):  188.55 | Loss:   2.703636 | Epsilon: 0.0406 | Replay:  12932 | BestAvg:  242.35
2026-04-14 09:42:05,099 [INFO] training — Episode 213 | Reward:  230.0 | AvgReward(20):  191.60 | Loss:   2.140139 | Epsilon: 0.0400 | Replay:  13162 | BestAvg:  242.35
2026-04-14 09:42:05,902 [INFO] training — Episode 214 | Reward:  279.0 | AvgReward(20):  192.95 | Loss:   2.258452 | Epsilon: 0.0394 | Replay:  13441 | BestAvg:  242.35
2026-04-14 09:42:06,676 [INFO] training — Episode 215 | Reward:  300.0 | AvgReward(20):  199.15 | Loss:   1.867211 | Epsilon: 0.0388 | Replay:  13741 | BestAvg:  242.35
2026-04-14 09:42:07,190 [INFO] training — Episode 216 | Reward:  197.0 | AvgReward(20):  197.45 | Loss:   2.610027 | Epsilon: 0.0382 | Replay:  13938 | BestAvg:  242.35
2026-04-14 09:42:08,041 [INFO] training — Episode 217 | Reward:  323.0 | AvgReward(20):  205.25 | Loss:   2.270267 | Epsilon: 0.0376 | Replay:  14261 | BestAvg:  242.35
2026-04-14 09:42:08,718 [INFO] training — Episode 218 | Reward:  254.0 | AvgReward(20):  209.10 | Loss:   2.291977 | Epsilon: 0.0371 | Replay:  14515 | BestAvg:  242.35
2026-04-14 09:42:09,311 [INFO] training — Episode 219 | Reward:  222.0 | AvgReward(20):  211.60 | Loss:   2.298271 | Epsilon: 0.0365 | Replay:  14737 | BestAvg:  242.35
2026-04-14 09:42:09,846 [INFO] training — Episode 220 | Reward:  207.0 | AvgReward(20):  214.05 | Loss:   2.947199 | Epsilon: 0.0360 | Replay:  14944 | BestAvg:  242.35
2026-04-14 09:42:10,437 [INFO] training — Episode 221 | Reward:  184.0 | AvgReward(20):  212.35 | Loss:   2.307376 | Epsilon: 0.0354 | Replay:  15128 | BestAvg:  242.35
2026-04-14 09:42:11,047 [INFO] training — Episode 222 | Reward:  203.0 | AvgReward(20):  214.80 | Loss:   2.621538 | Epsilon: 0.0349 | Replay:  15331 | BestAvg:  242.35
2026-04-14 09:42:11,595 [INFO] training — Episode 223 | Reward:  211.0 | AvgReward(20):  217.60 | Loss:   2.541466 | Epsilon: 0.0344 | Replay:  15542 | BestAvg:  242.35
2026-04-14 09:42:12,165 [INFO] training — Episode 224 | Reward:  221.0 | AvgReward(20):  219.55 | Loss:   2.293019 | Epsilon: 0.0339 | Replay:  15763 | BestAvg:  242.35
2026-04-14 09:42:12,694 [INFO] training — Episode 225 | Reward:  194.0 | AvgReward(20):  219.05 | Loss:   2.160400 | Epsilon: 0.0334 | Replay:  15957 | BestAvg:  242.35
2026-04-14 09:42:13,088 [INFO] training — Episode 226 | Reward:  147.0 | AvgReward(20):  218.05 | Loss:   2.657987 | Epsilon: 0.0329 | Replay:  16104 | BestAvg:  242.35
2026-04-14 09:42:13,677 [INFO] training — Episode 227 | Reward:  221.0 | AvgReward(20):  213.45 | Loss:   2.819717 | Epsilon: 0.0324 | Replay:  16325 | BestAvg:  242.35
2026-04-14 09:42:14,159 [INFO] training — Episode 228 | Reward:  186.0 | AvgReward(20):  215.15 | Loss:   2.992485 | Epsilon: 0.0319 | Replay:  16511 | BestAvg:  242.35
2026-04-14 09:42:14,522 [INFO] training — Episode 229 | Reward:  131.0 | AvgReward(20):  212.75 | Loss:   1.783987 | Epsilon: 0.0314 | Replay:  16642 | BestAvg:  242.35
2026-04-14 09:42:14,904 [INFO] training — Episode 230 | Reward:  144.0 | AvgReward(20):  209.50 | Loss:   2.776886 | Epsilon: 0.0309 | Replay:  16786 | BestAvg:  242.35
2026-04-14 09:42:15,261 [INFO] training — Episode 231 | Reward:  137.0 | AvgReward(20):  208.75 | Loss:   3.183223 | Epsilon: 0.0305 | Replay:  16923 | BestAvg:  242.35
2026-04-14 09:42:15,672 [INFO] training — Episode 232 | Reward:  121.0 | AvgReward(20):  205.60 | Loss:   4.111821 | Epsilon: 0.0300 | Replay:  17044 | BestAvg:  242.35
2026-04-14 09:42:16,069 [INFO] training — Episode 233 | Reward:  127.0 | AvgReward(20):  200.45 | Loss:   3.165798 | Epsilon: 0.0296 | Replay:  17171 | BestAvg:  242.35
2026-04-14 09:42:16,465 [INFO] training — Episode 234 | Reward:  124.0 | AvgReward(20):  192.70 | Loss:   4.084053 | Epsilon: 0.0291 | Replay:  17295 | BestAvg:  242.35
2026-04-14 09:42:16,895 [INFO] training — Episode 235 | Reward:  129.0 | AvgReward(20):  184.15 | Loss:   4.629667 | Epsilon: 0.0287 | Replay:  17424 | BestAvg:  242.35
2026-04-14 09:42:17,304 [INFO] training — Episode 236 | Reward:  122.0 | AvgReward(20):  180.40 | Loss:   2.874144 | Epsilon: 0.0282 | Replay:  17546 | BestAvg:  242.35
2026-04-14 09:42:17,794 [INFO] training — Episode 237 | Reward:  138.0 | AvgReward(20):  171.15 | Loss:   3.479108 | Epsilon: 0.0278 | Replay:  17684 | BestAvg:  242.35
2026-04-14 09:42:18,085 [INFO] training — Episode 238 | Reward:  107.0 | AvgReward(20):  163.80 | Loss:   3.877930 | Epsilon: 0.0274 | Replay:  17791 | BestAvg:  242.35
2026-04-14 09:42:18,414 [INFO] training — Episode 239 | Reward:  118.0 | AvgReward(20):  158.60 | Loss:   4.589200 | Epsilon: 0.0270 | Replay:  17909 | BestAvg:  242.35
2026-04-14 09:42:18,704 [INFO] training — Episode 240 | Reward:  110.0 | AvgReward(20):  153.75 | Loss:   5.002984 | Epsilon: 0.0266 | Replay:  18019 | BestAvg:  242.35
2026-04-14 09:42:18,998 [INFO] training — Episode 241 | Reward:  117.0 | AvgReward(20):  150.40 | Loss:   5.202820 | Epsilon: 0.0262 | Replay:  18136 | BestAvg:  242.35
2026-04-14 09:42:19,283 [INFO] training — Episode 242 | Reward:  112.0 | AvgReward(20):  145.85 | Loss:   3.476102 | Epsilon: 0.0258 | Replay:  18248 | BestAvg:  242.35
2026-04-14 09:42:19,580 [INFO] training — Episode 243 | Reward:  116.0 | AvgReward(20):  141.10 | Loss:   4.961430 | Epsilon: 0.0254 | Replay:  18364 | BestAvg:  242.35
2026-04-14 09:42:19,903 [INFO] training — Episode 244 | Reward:  121.0 | AvgReward(20):  136.10 | Loss:   4.314269 | Epsilon: 0.0250 | Replay:  18485 | BestAvg:  242.35
2026-04-14 09:42:20,213 [INFO] training — Episode 245 | Reward:  116.0 | AvgReward(20):  132.20 | Loss:   4.545565 | Epsilon: 0.0247 | Replay:  18601 | BestAvg:  242.35
2026-04-14 09:42:20,491 [INFO] training — Episode 246 | Reward:  105.0 | AvgReward(20):  130.10 | Loss:   4.806953 | Epsilon: 0.0243 | Replay:  18706 | BestAvg:  242.35
2026-04-14 09:42:20,802 [INFO] training — Episode 247 | Reward:  114.0 | AvgReward(20):  124.75 | Loss:   4.506510 | Epsilon: 0.0239 | Replay:  18820 | BestAvg:  242.35
2026-04-14 09:42:21,109 [INFO] training — Episode 248 | Reward:  116.0 | AvgReward(20):  121.25 | Loss:   3.886535 | Epsilon: 0.0236 | Replay:  18936 | BestAvg:  242.35
2026-04-14 09:42:21,408 [INFO] training — Episode 249 | Reward:  111.0 | AvgReward(20):  120.25 | Loss:   4.348737 | Epsilon: 0.0232 | Replay:  19047 | BestAvg:  242.35
2026-04-14 09:42:21,683 [INFO] training — Episode 250 | Reward:  103.0 | AvgReward(20):  118.20 | Loss:   4.278008 | Epsilon: 0.0229 | Replay:  19150 | BestAvg:  242.35
2026-04-14 09:42:21,971 [INFO] training — Episode 251 | Reward:  108.0 | AvgReward(20):  116.75 | Loss:   2.786781 | Epsilon: 0.0225 | Replay:  19258 | BestAvg:  242.35
2026-04-14 09:42:22,245 [INFO] training — Episode 252 | Reward:  105.0 | AvgReward(20):  115.95 | Loss:   5.485620 | Epsilon: 0.0222 | Replay:  19363 | BestAvg:  242.35
2026-04-14 09:42:22,529 [INFO] training — Episode 253 | Reward:  109.0 | AvgReward(20):  115.05 | Loss:   4.348728 | Epsilon: 0.0218 | Replay:  19472 | BestAvg:  242.35
2026-04-14 09:42:22,844 [INFO] training — Episode 254 | Reward:  114.0 | AvgReward(20):  114.55 | Loss:   3.772073 | Epsilon: 0.0215 | Replay:  19586 | BestAvg:  242.35
2026-04-14 09:42:23,176 [INFO] training — Episode 255 | Reward:  119.0 | AvgReward(20):  114.05 | Loss:   3.068497 | Epsilon: 0.0212 | Replay:  19705 | BestAvg:  242.35
2026-04-14 09:42:23,483 [INFO] training — Episode 256 | Reward:  110.0 | AvgReward(20):  113.45 | Loss:   3.869248 | Epsilon: 0.0209 | Replay:  19815 | BestAvg:  242.35
2026-04-14 09:42:23,817 [INFO] training — Episode 257 | Reward:  120.0 | AvgReward(20):  112.55 | Loss:   3.680559 | Epsilon: 0.0206 | Replay:  19935 | BestAvg:  242.35
2026-04-14 09:42:24,119 [INFO] training — Episode 258 | Reward:  112.0 | AvgReward(20):  112.80 | Loss:   3.937007 | Epsilon: 0.0203 | Replay:  20047 | BestAvg:  242.35
2026-04-14 09:42:24,415 [INFO] training — Episode 259 | Reward:  112.0 | AvgReward(20):  112.50 | Loss:   4.495583 | Epsilon: 0.0200 | Replay:  20159 | BestAvg:  242.35
2026-04-14 09:42:24,691 [INFO] training — Episode 260 | Reward:  101.0 | AvgReward(20):  112.05 | Loss:   4.013008 | Epsilon: 0.0197 | Replay:  20260 | BestAvg:  242.35
2026-04-14 09:42:24,989 [INFO] training — Episode 261 | Reward:  109.0 | AvgReward(20):  111.65 | Loss:   4.512596 | Epsilon: 0.0194 | Replay:  20369 | BestAvg:  242.35
2026-04-14 09:42:25,274 [INFO] training — Episode 262 | Reward:  111.0 | AvgReward(20):  111.60 | Loss:   4.897989 | Epsilon: 0.0191 | Replay:  20480 | BestAvg:  242.35
2026-04-14 09:42:25,560 [INFO] training — Episode 263 | Reward:  107.0 | AvgReward(20):  111.15 | Loss:   4.595795 | Epsilon: 0.0188 | Replay:  20587 | BestAvg:  242.35
2026-04-14 09:42:25,879 [INFO] training — Episode 264 | Reward:  120.0 | AvgReward(20):  111.10 | Loss:   4.492845 | Epsilon: 0.0185 | Replay:  20707 | BestAvg:  242.35
2026-04-14 09:42:26,152 [INFO] training — Episode 265 | Reward:  105.0 | AvgReward(20):  110.55 | Loss:   3.941363 | Epsilon: 0.0182 | Replay:  20812 | BestAvg:  242.35
2026-04-14 09:42:26,436 [INFO] training — Episode 266 | Reward:  106.0 | AvgReward(20):  110.60 | Loss:   2.941729 | Epsilon: 0.0179 | Replay:  20918 | BestAvg:  242.35
2026-04-14 09:42:26,729 [INFO] training — Episode 267 | Reward:  109.0 | AvgReward(20):  110.35 | Loss:   4.613355 | Epsilon: 0.0177 | Replay:  21027 | BestAvg:  242.35
2026-04-14 09:42:27,018 [INFO] training — Episode 268 | Reward:  106.0 | AvgReward(20):  109.85 | Loss:   4.022366 | Epsilon: 0.0174 | Replay:  21133 | BestAvg:  242.35
2026-04-14 09:42:27,316 [INFO] training — Episode 269 | Reward:  112.0 | AvgReward(20):  109.90 | Loss:   4.083088 | Epsilon: 0.0172 | Replay:  21245 | BestAvg:  242.35
2026-04-14 09:42:27,609 [INFO] training — Episode 270 | Reward:  108.0 | AvgReward(20):  110.15 | Loss:   3.687984 | Epsilon: 0.0169 | Replay:  21353 | BestAvg:  242.35
2026-04-14 09:42:27,966 [INFO] training — Episode 271 | Reward:  106.0 | AvgReward(20):  110.05 | Loss:   4.449215 | Epsilon: 0.0166 | Replay:  21459 | BestAvg:  242.35
2026-04-14 09:42:28,298 [INFO] training — Episode 272 | Reward:  100.0 | AvgReward(20):  109.80 | Loss:   4.652586 | Epsilon: 0.0164 | Replay:  21559 | BestAvg:  242.35
2026-04-14 09:42:28,647 [INFO] training — Episode 273 | Reward:  105.0 | AvgReward(20):  109.60 | Loss:   3.777450 | Epsilon: 0.0161 | Replay:  21664 | BestAvg:  242.35
2026-04-14 09:42:28,950 [INFO] training — Episode 274 | Reward:   98.0 | AvgReward(20):  108.80 | Loss:   4.864876 | Epsilon: 0.0159 | Replay:  21762 | BestAvg:  242.35
2026-04-14 09:42:29,252 [INFO] training — Episode 275 | Reward:  100.0 | AvgReward(20):  107.85 | Loss:   4.079629 | Epsilon: 0.0157 | Replay:  21862 | BestAvg:  242.35
2026-04-14 09:42:29,612 [INFO] training — Episode 276 | Reward:  100.0 | AvgReward(20):  107.35 | Loss:   4.588919 | Epsilon: 0.0154 | Replay:  21962 | BestAvg:  242.35
2026-04-14 09:42:30,042 [INFO] training — Episode 277 | Reward:  114.0 | AvgReward(20):  107.05 | Loss:   5.088675 | Epsilon: 0.0152 | Replay:  22076 | BestAvg:  242.35
2026-04-14 09:42:30,347 [INFO] training — Episode 278 | Reward:  110.0 | AvgReward(20):  106.95 | Loss:   4.497616 | Epsilon: 0.0150 | Replay:  22186 | BestAvg:  242.35
2026-04-14 09:42:30,629 [INFO] training — Episode 279 | Reward:  106.0 | AvgReward(20):  106.65 | Loss:   5.641898 | Epsilon: 0.0147 | Replay:  22292 | BestAvg:  242.35
2026-04-14 09:42:30,938 [INFO] training — Episode 280 | Reward:  117.0 | AvgReward(20):  107.45 | Loss:   5.411484 | Epsilon: 0.0145 | Replay:  22409 | BestAvg:  242.35
2026-04-14 09:42:31,222 [INFO] training — Episode 281 | Reward:  103.0 | AvgReward(20):  107.15 | Loss:   5.567127 | Epsilon: 0.0143 | Replay:  22512 | BestAvg:  242.35
2026-04-14 09:42:31,529 [INFO] training — Episode 282 | Reward:  113.0 | AvgReward(20):  107.25 | Loss:   4.735726 | Epsilon: 0.0141 | Replay:  22625 | BestAvg:  242.35
2026-04-14 09:42:31,814 [INFO] training — Episode 283 | Reward:  105.0 | AvgReward(20):  107.15 | Loss:   5.326374 | Epsilon: 0.0139 | Replay:  22730 | BestAvg:  242.35
2026-04-14 09:42:32,111 [INFO] training — Episode 284 | Reward:  108.0 | AvgReward(20):  106.55 | Loss:   4.513742 | Epsilon: 0.0137 | Replay:  22838 | BestAvg:  242.35
2026-04-14 09:42:32,404 [INFO] training — Episode 285 | Reward:  111.0 | AvgReward(20):  106.85 | Loss:   5.379249 | Epsilon: 0.0135 | Replay:  22949 | BestAvg:  242.35
2026-04-14 09:42:32,683 [INFO] training — Episode 286 | Reward:  105.0 | AvgReward(20):  106.80 | Loss:   5.169447 | Epsilon: 0.0133 | Replay:  23054 | BestAvg:  242.35
2026-04-14 09:42:32,994 [INFO] training — Episode 287 | Reward:  118.0 | AvgReward(20):  107.25 | Loss:   3.486096 | Epsilon: 0.0131 | Replay:  23172 | BestAvg:  242.35
2026-04-14 09:42:33,273 [INFO] training — Episode 288 | Reward:  101.0 | AvgReward(20):  107.00 | Loss:   3.994108 | Epsilon: 0.0129 | Replay:  23273 | BestAvg:  242.35
2026-04-14 09:42:33,582 [INFO] training — Episode 289 | Reward:  117.0 | AvgReward(20):  107.25 | Loss:   5.274226 | Epsilon: 0.0127 | Replay:  23390 | BestAvg:  242.35
2026-04-14 09:42:33,891 [INFO] training — Episode 290 | Reward:  117.0 | AvgReward(20):  107.70 | Loss:   2.929539 | Epsilon: 0.0125 | Replay:  23507 | BestAvg:  242.35
2026-04-14 09:42:34,173 [INFO] training — Episode 291 | Reward:  103.0 | AvgReward(20):  107.55 | Loss:   4.382343 | Epsilon: 0.0123 | Replay:  23610 | BestAvg:  242.35
2026-04-14 09:42:34,519 [INFO] training — Episode 292 | Reward:  122.0 | AvgReward(20):  108.65 | Loss:   4.469147 | Epsilon: 0.0121 | Replay:  23732 | BestAvg:  242.35
2026-04-14 09:42:34,868 [INFO] training — Episode 293 | Reward:  124.0 | AvgReward(20):  109.60 | Loss:   3.476019 | Epsilon: 0.0119 | Replay:  23856 | BestAvg:  242.35
2026-04-14 09:42:35,143 [INFO] training — Episode 294 | Reward:  108.0 | AvgReward(20):  110.10 | Loss:   4.169981 | Epsilon: 0.0118 | Replay:  23964 | BestAvg:  242.35
2026-04-14 09:42:35,433 [INFO] training — Episode 295 | Reward:  107.0 | AvgReward(20):  110.45 | Loss:   5.182914 | Epsilon: 0.0116 | Replay:  24071 | BestAvg:  242.35
2026-04-14 09:42:35,722 [INFO] training — Episode 296 | Reward:  106.0 | AvgReward(20):  110.75 | Loss:   4.044693 | Epsilon: 0.0114 | Replay:  24177 | BestAvg:  242.35
2026-04-14 09:42:35,986 [INFO] training — Episode 297 | Reward:  103.0 | AvgReward(20):  110.20 | Loss:   5.235223 | Epsilon: 0.0112 | Replay:  24280 | BestAvg:  242.35
2026-04-14 09:42:36,247 [INFO] training — Episode 298 | Reward:  100.0 | AvgReward(20):  109.70 | Loss:   4.747356 | Epsilon: 0.0111 | Replay:  24380 | BestAvg:  242.35
2026-04-14 09:42:36,525 [INFO] training — Episode 299 | Reward:  107.0 | AvgReward(20):  109.75 | Loss:   4.493291 | Epsilon: 0.0109 | Replay:  24487 | BestAvg:  242.35
2026-04-14 09:42:36,838 [INFO] training — Episode 300 | Reward:  117.0 | AvgReward(20):  109.75 | Loss:   4.220622 | Epsilon: 0.0107 | Replay:  24604 | BestAvg:  242.35
2026-04-14 09:42:37,133 [INFO] training — Episode 301 | Reward:  113.0 | AvgReward(20):  110.25 | Loss:   3.017393 | Epsilon: 0.0106 | Replay:  24717 | BestAvg:  242.35
2026-04-14 09:42:37,418 [INFO] training — Episode 302 | Reward:  103.0 | AvgReward(20):  109.75 | Loss:   3.356111 | Epsilon: 0.0104 | Replay:  24820 | BestAvg:  242.35
2026-04-14 09:42:37,700 [INFO] training — Episode 303 | Reward:  106.0 | AvgReward(20):  109.80 | Loss:   3.740200 | Epsilon: 0.0103 | Replay:  24926 | BestAvg:  242.35
2026-04-14 09:42:38,041 [INFO] training — Episode 304 | Reward:  125.0 | AvgReward(20):  110.65 | Loss:   4.621446 | Epsilon: 0.0101 | Replay:  25051 | BestAvg:  242.35
2026-04-14 09:42:38,389 [INFO] training — Episode 305 | Reward:  120.0 | AvgReward(20):  111.10 | Loss:   3.868858 | Epsilon: 0.0100 | Replay:  25171 | BestAvg:  242.35
2026-04-14 09:42:38,714 [INFO] training — Episode 306 | Reward:  118.0 | AvgReward(20):  111.75 | Loss:   3.648125 | Epsilon: 0.0100 | Replay:  25289 | BestAvg:  242.35
2026-04-14 09:42:39,009 [INFO] training — Episode 307 | Reward:  111.0 | AvgReward(20):  111.40 | Loss:   3.687199 | Epsilon: 0.0100 | Replay:  25400 | BestAvg:  242.35
2026-04-14 09:42:39,347 [INFO] training — Episode 308 | Reward:  115.0 | AvgReward(20):  112.10 | Loss:   3.640263 | Epsilon: 0.0100 | Replay:  25515 | BestAvg:  242.35
2026-04-14 09:42:39,668 [INFO] training — Episode 309 | Reward:  117.0 | AvgReward(20):  112.10 | Loss:   3.616719 | Epsilon: 0.0100 | Replay:  25632 | BestAvg:  242.35
2026-04-14 09:42:39,967 [INFO] training — Episode 310 | Reward:  114.0 | AvgReward(20):  111.95 | Loss:   3.641194 | Epsilon: 0.0100 | Replay:  25746 | BestAvg:  242.35
2026-04-14 09:42:40,365 [INFO] training — Episode 311 | Reward:  120.0 | AvgReward(20):  112.80 | Loss:   4.689362 | Epsilon: 0.0100 | Replay:  25866 | BestAvg:  242.35
2026-04-14 09:42:40,792 [INFO] training — Episode 312 | Reward:  127.0 | AvgReward(20):  113.05 | Loss:   3.135198 | Epsilon: 0.0100 | Replay:  25993 | BestAvg:  242.35
2026-04-14 09:42:41,180 [INFO] training — Episode 313 | Reward:  124.0 | AvgReward(20):  113.05 | Loss:   4.175568 | Epsilon: 0.0100 | Replay:  26117 | BestAvg:  242.35
2026-04-14 09:42:41,606 [INFO] training — Episode 314 | Reward:  131.0 | AvgReward(20):  114.20 | Loss:   4.461261 | Epsilon: 0.0100 | Replay:  26248 | BestAvg:  242.35
2026-04-14 09:42:42,082 [INFO] training — Episode 315 | Reward:  131.0 | AvgReward(20):  115.40 | Loss:   4.622769 | Epsilon: 0.0100 | Replay:  26379 | BestAvg:  242.35
2026-04-14 09:42:42,527 [INFO] training — Episode 316 | Reward:  124.0 | AvgReward(20):  116.30 | Loss:   6.062145 | Epsilon: 0.0100 | Replay:  26503 | BestAvg:  242.35
2026-04-14 09:42:42,881 [INFO] training — Episode 317 | Reward:  120.0 | AvgReward(20):  117.15 | Loss:   2.176156 | Epsilon: 0.0100 | Replay:  26623 | BestAvg:  242.35
2026-04-14 09:42:43,199 [INFO] training — Episode 318 | Reward:  114.0 | AvgReward(20):  117.85 | Loss:   3.607050 | Epsilon: 0.0100 | Replay:  26737 | BestAvg:  242.35
2026-04-14 09:42:43,548 [INFO] training — Episode 319 | Reward:  126.0 | AvgReward(20):  118.80 | Loss:   3.749810 | Epsilon: 0.0100 | Replay:  26863 | BestAvg:  242.35
2026-04-14 09:42:43,916 [INFO] training — Episode 320 | Reward:  127.0 | AvgReward(20):  119.30 | Loss:   3.261179 | Epsilon: 0.0100 | Replay:  26990 | BestAvg:  242.35
2026-04-14 09:42:44,265 [INFO] training — Episode 321 | Reward:  120.0 | AvgReward(20):  119.65 | Loss:   4.079736 | Epsilon: 0.0100 | Replay:  27110 | BestAvg:  242.35
2026-04-14 09:42:44,626 [INFO] training — Episode 322 | Reward:  124.0 | AvgReward(20):  120.70 | Loss:   3.616436 | Epsilon: 0.0100 | Replay:  27234 | BestAvg:  242.35
2026-04-14 09:42:44,954 [INFO] training — Episode 323 | Reward:  109.0 | AvgReward(20):  120.85 | Loss:   4.312904 | Epsilon: 0.0100 | Replay:  27343 | BestAvg:  242.35
2026-04-14 09:42:45,311 [INFO] training — Episode 324 | Reward:  129.0 | AvgReward(20):  121.05 | Loss:   3.322791 | Epsilon: 0.0100 | Replay:  27472 | BestAvg:  242.35
2026-04-14 09:42:45,667 [INFO] training — Episode 325 | Reward:  118.0 | AvgReward(20):  120.95 | Loss:   3.948808 | Epsilon: 0.0100 | Replay:  27590 | BestAvg:  242.35
2026-04-14 09:42:46,038 [INFO] training — Episode 326 | Reward:  118.0 | AvgReward(20):  120.95 | Loss:   4.503593 | Epsilon: 0.0100 | Replay:  27708 | BestAvg:  242.35
2026-04-14 09:42:46,382 [INFO] training — Episode 327 | Reward:  121.0 | AvgReward(20):  121.45 | Loss:   6.220742 | Epsilon: 0.0100 | Replay:  27829 | BestAvg:  242.35
2026-04-14 09:42:46,766 [INFO] training — Episode 328 | Reward:  127.0 | AvgReward(20):  122.05 | Loss:   3.941388 | Epsilon: 0.0100 | Replay:  27956 | BestAvg:  242.35
2026-04-14 09:42:47,146 [INFO] training — Episode 329 | Reward:  135.0 | AvgReward(20):  122.95 | Loss:   2.879216 | Epsilon: 0.0100 | Replay:  28091 | BestAvg:  242.35
2026-04-14 09:42:47,506 [INFO] training — Episode 330 | Reward:  136.0 | AvgReward(20):  124.05 | Loss:   3.262415 | Epsilon: 0.0100 | Replay:  28227 | BestAvg:  242.35
2026-04-14 09:42:47,840 [INFO] training — Episode 331 | Reward:  122.0 | AvgReward(20):  124.15 | Loss:   2.395823 | Epsilon: 0.0100 | Replay:  28349 | BestAvg:  242.35
2026-04-14 09:42:48,196 [INFO] training — Episode 332 | Reward:  132.0 | AvgReward(20):  124.40 | Loss:   3.293412 | Epsilon: 0.0100 | Replay:  28481 | BestAvg:  242.35
2026-04-14 09:42:48,528 [INFO] training — Episode 333 | Reward:  123.0 | AvgReward(20):  124.35 | Loss:   3.787864 | Epsilon: 0.0100 | Replay:  28604 | BestAvg:  242.35
2026-04-14 09:42:48,946 [INFO] training — Episode 334 | Reward:  152.0 | AvgReward(20):  125.40 | Loss:   4.101661 | Epsilon: 0.0100 | Replay:  28756 | BestAvg:  242.35
2026-04-14 09:42:49,342 [INFO] training — Episode 335 | Reward:  155.0 | AvgReward(20):  126.60 | Loss:   3.998253 | Epsilon: 0.0100 | Replay:  28911 | BestAvg:  242.35
2026-04-14 09:42:49,734 [INFO] training — Episode 336 | Reward:  151.0 | AvgReward(20):  127.95 | Loss:   2.761635 | Epsilon: 0.0100 | Replay:  29062 | BestAvg:  242.35
2026-04-14 09:42:50,139 [INFO] training — Episode 337 | Reward:  150.0 | AvgReward(20):  129.45 | Loss:   4.955828 | Epsilon: 0.0100 | Replay:  29212 | BestAvg:  242.35
2026-04-14 09:42:50,518 [INFO] training — Episode 338 | Reward:  146.0 | AvgReward(20):  131.05 | Loss:   4.037124 | Epsilon: 0.0100 | Replay:  29358 | BestAvg:  242.35
2026-04-14 09:42:50,869 [INFO] training — Episode 339 | Reward:  130.0 | AvgReward(20):  131.25 | Loss:   4.162410 | Epsilon: 0.0100 | Replay:  29488 | BestAvg:  242.35
2026-04-14 09:42:51,263 [INFO] training — Episode 340 | Reward:  149.0 | AvgReward(20):  132.35 | Loss:   3.674077 | Epsilon: 0.0100 | Replay:  29637 | BestAvg:  242.35
2026-04-14 09:42:51,677 [INFO] training — Episode 341 | Reward:  157.0 | AvgReward(20):  134.20 | Loss:   4.976420 | Epsilon: 0.0100 | Replay:  29794 | BestAvg:  242.35
2026-04-14 09:42:52,078 [INFO] training — Episode 342 | Reward:  150.0 | AvgReward(20):  135.50 | Loss:   3.930635 | Epsilon: 0.0100 | Replay:  29944 | BestAvg:  242.35
2026-04-14 09:42:52,578 [INFO] training — Episode 343 | Reward:  168.0 | AvgReward(20):  138.45 | Loss:   3.864983 | Epsilon: 0.0100 | Replay:  30112 | BestAvg:  242.35
2026-04-14 09:42:53,114 [INFO] training — Episode 344 | Reward:  160.0 | AvgReward(20):  140.00 | Loss:   2.115010 | Epsilon: 0.0100 | Replay:  30272 | BestAvg:  242.35
2026-04-14 09:42:53,616 [INFO] training — Episode 345 | Reward:  163.0 | AvgReward(20):  142.25 | Loss:   3.936102 | Epsilon: 0.0100 | Replay:  30435 | BestAvg:  242.35
2026-04-14 09:42:54,204 [INFO] training — Episode 346 | Reward:  172.0 | AvgReward(20):  144.95 | Loss:   3.732204 | Epsilon: 0.0100 | Replay:  30607 | BestAvg:  242.35
2026-04-14 09:42:54,812 [INFO] training — Episode 347 | Reward:  183.0 | AvgReward(20):  148.05 | Loss:   3.445924 | Epsilon: 0.0100 | Replay:  30790 | BestAvg:  242.35
2026-04-14 09:42:55,216 [INFO] training — Episode 348 | Reward:  152.0 | AvgReward(20):  149.30 | Loss:   3.463462 | Epsilon: 0.0100 | Replay:  30942 | BestAvg:  242.35
2026-04-14 09:42:55,614 [INFO] training — Episode 349 | Reward:  154.0 | AvgReward(20):  150.25 | Loss:   3.207789 | Epsilon: 0.0100 | Replay:  31096 | BestAvg:  242.35
2026-04-14 09:42:56,028 [INFO] training — Episode 350 | Reward:  156.0 | AvgReward(20):  151.25 | Loss:   3.129782 | Epsilon: 0.0100 | Replay:  31252 | BestAvg:  242.35
2026-04-14 09:42:56,470 [INFO] training — Episode 351 | Reward:  159.0 | AvgReward(20):  153.10 | Loss:   4.609401 | Epsilon: 0.0100 | Replay:  31411 | BestAvg:  242.35
2026-04-14 09:42:56,887 [INFO] training — Episode 352 | Reward:  159.0 | AvgReward(20):  154.45 | Loss:   2.404324 | Epsilon: 0.0100 | Replay:  31570 | BestAvg:  242.35
2026-04-14 09:42:57,327 [INFO] training — Episode 353 | Reward:  159.0 | AvgReward(20):  156.25 | Loss:   3.191752 | Epsilon: 0.0100 | Replay:  31729 | BestAvg:  242.35
2026-04-14 09:42:57,785 [INFO] training — Episode 354 | Reward:  170.0 | AvgReward(20):  157.15 | Loss:   3.033830 | Epsilon: 0.0100 | Replay:  31899 | BestAvg:  242.35
2026-04-14 09:42:58,229 [INFO] training — Episode 355 | Reward:  156.0 | AvgReward(20):  157.20 | Loss:   2.908623 | Epsilon: 0.0100 | Replay:  32055 | BestAvg:  242.35
2026-04-14 09:42:58,658 [INFO] training — Episode 356 | Reward:  160.0 | AvgReward(20):  157.65 | Loss:   3.914790 | Epsilon: 0.0100 | Replay:  32215 | BestAvg:  242.35
2026-04-14 09:42:59,076 [INFO] training — Episode 357 | Reward:  157.0 | AvgReward(20):  158.00 | Loss:   2.711937 | Epsilon: 0.0100 | Replay:  32372 | BestAvg:  242.35
2026-04-14 09:42:59,531 [INFO] training — Episode 358 | Reward:  165.0 | AvgReward(20):  158.95 | Loss:   2.612137 | Epsilon: 0.0100 | Replay:  32537 | BestAvg:  242.35
2026-04-14 09:42:59,998 [INFO] training — Episode 359 | Reward:  179.0 | AvgReward(20):  161.40 | Loss:   3.981959 | Epsilon: 0.0100 | Replay:  32716 | BestAvg:  242.35
2026-04-14 09:43:00,481 [INFO] training — Episode 360 | Reward:  182.0 | AvgReward(20):  163.05 | Loss:   3.186799 | Epsilon: 0.0100 | Replay:  32898 | BestAvg:  242.35
2026-04-14 09:43:00,907 [INFO] training — Episode 361 | Reward:  164.0 | AvgReward(20):  163.40 | Loss:   1.968299 | Epsilon: 0.0100 | Replay:  33062 | BestAvg:  242.35
2026-04-14 09:43:01,377 [INFO] training — Episode 362 | Reward:  170.0 | AvgReward(20):  164.40 | Loss:   2.878175 | Epsilon: 0.0100 | Replay:  33232 | BestAvg:  242.35
2026-04-14 09:43:01,790 [INFO] training — Episode 363 | Reward:  152.0 | AvgReward(20):  163.60 | Loss:   3.167756 | Epsilon: 0.0100 | Replay:  33384 | BestAvg:  242.35
2026-04-14 09:43:02,210 [INFO] training — Episode 364 | Reward:  153.0 | AvgReward(20):  163.25 | Loss:   2.385371 | Epsilon: 0.0100 | Replay:  33537 | BestAvg:  242.35
2026-04-14 09:43:02,631 [INFO] training — Episode 365 | Reward:  157.0 | AvgReward(20):  162.95 | Loss:   1.807097 | Epsilon: 0.0100 | Replay:  33694 | BestAvg:  242.35
2026-04-14 09:43:03,088 [INFO] training — Episode 366 | Reward:  175.0 | AvgReward(20):  163.10 | Loss:   2.738872 | Epsilon: 0.0100 | Replay:  33869 | BestAvg:  242.35
2026-04-14 09:43:03,543 [INFO] training — Episode 367 | Reward:  171.0 | AvgReward(20):  162.50 | Loss:   4.071133 | Epsilon: 0.0100 | Replay:  34040 | BestAvg:  242.35
2026-04-14 09:43:03,939 [INFO] training — Episode 368 | Reward:  152.0 | AvgReward(20):  162.50 | Loss:   3.236721 | Epsilon: 0.0100 | Replay:  34192 | BestAvg:  242.35
2026-04-14 09:43:04,349 [INFO] training — Episode 369 | Reward:  153.0 | AvgReward(20):  162.45 | Loss:   2.854639 | Epsilon: 0.0100 | Replay:  34345 | BestAvg:  242.35
2026-04-14 09:43:04,827 [INFO] training — Episode 370 | Reward:  168.0 | AvgReward(20):  163.05 | Loss:   4.068389 | Epsilon: 0.0100 | Replay:  34513 | BestAvg:  242.35
2026-04-14 09:43:05,432 [INFO] training — Episode 371 | Reward:  185.0 | AvgReward(20):  164.35 | Loss:   4.332174 | Epsilon: 0.0100 | Replay:  34698 | BestAvg:  242.35
2026-04-14 09:43:05,972 [INFO] training — Episode 372 | Reward:  171.0 | AvgReward(20):  164.95 | Loss:   3.355443 | Epsilon: 0.0100 | Replay:  34869 | BestAvg:  242.35
2026-04-14 09:43:06,610 [INFO] training — Episode 373 | Reward:  174.0 | AvgReward(20):  165.70 | Loss:   4.468679 | Epsilon: 0.0100 | Replay:  35043 | BestAvg:  242.35
2026-04-14 09:43:07,235 [INFO] training — Episode 374 | Reward:  192.0 | AvgReward(20):  166.80 | Loss:   2.834160 | Epsilon: 0.0100 | Replay:  35235 | BestAvg:  242.35
2026-04-14 09:43:07,692 [INFO] training — Episode 375 | Reward:  171.0 | AvgReward(20):  167.55 | Loss:   4.843718 | Epsilon: 0.0100 | Replay:  35406 | BestAvg:  242.35
2026-04-14 09:43:08,312 [INFO] training — Episode 376 | Reward:  229.0 | AvgReward(20):  171.00 | Loss:   1.732163 | Epsilon: 0.0100 | Replay:  35635 | BestAvg:  242.35
2026-04-14 09:43:08,931 [INFO] training — Episode 377 | Reward:  223.0 | AvgReward(20):  174.30 | Loss:   3.466687 | Epsilon: 0.0100 | Replay:  35858 | BestAvg:  242.35
2026-04-14 09:43:09,557 [INFO] training — Episode 378 | Reward:  216.0 | AvgReward(20):  176.85 | Loss:   3.786477 | Epsilon: 0.0100 | Replay:  36074 | BestAvg:  242.35
2026-04-14 09:43:10,385 [INFO] training — Episode 379 | Reward:  271.0 | AvgReward(20):  181.45 | Loss:   3.431313 | Epsilon: 0.0100 | Replay:  36345 | BestAvg:  242.35
2026-04-14 09:43:11,155 [INFO] training — Episode 380 | Reward:  291.0 | AvgReward(20):  186.90 | Loss:   2.566783 | Epsilon: 0.0100 | Replay:  36636 | BestAvg:  242.35
2026-04-14 09:43:11,927 [INFO] training — Episode 381 | Reward:  293.0 | AvgReward(20):  193.35 | Loss:   3.820105 | Epsilon: 0.0100 | Replay:  36929 | BestAvg:  242.35
2026-04-14 09:43:12,610 [INFO] training — Episode 382 | Reward:  251.0 | AvgReward(20):  197.40 | Loss:   2.384887 | Epsilon: 0.0100 | Replay:  37180 | BestAvg:  242.35
2026-04-14 09:43:13,419 [INFO] training — Episode 383 | Reward:  297.0 | AvgReward(20):  204.65 | Loss:   3.024386 | Epsilon: 0.0100 | Replay:  37477 | BestAvg:  242.35
2026-04-14 09:43:14,093 [INFO] training — Episode 384 | Reward:  248.0 | AvgReward(20):  209.40 | Loss:   3.530647 | Epsilon: 0.0100 | Replay:  37725 | BestAvg:  242.35
2026-04-14 09:43:14,831 [INFO] training — Episode 385 | Reward:  267.0 | AvgReward(20):  214.90 | Loss:   3.309729 | Epsilon: 0.0100 | Replay:  37992 | BestAvg:  242.35
2026-04-14 09:43:15,600 [INFO] training — Episode 386 | Reward:  291.0 | AvgReward(20):  220.70 | Loss:   2.599453 | Epsilon: 0.0100 | Replay:  38283 | BestAvg:  242.35
2026-04-14 09:43:16,427 [INFO] training — Episode 387 | Reward:  301.0 | AvgReward(20):  227.20 | Loss:   2.357806 | Epsilon: 0.0100 | Replay:  38584 | BestAvg:  242.35
2026-04-14 09:43:17,097 [INFO] training — Episode 388 | Reward:  229.0 | AvgReward(20):  231.05 | Loss:   2.583465 | Epsilon: 0.0100 | Replay:  38813 | BestAvg:  242.35
2026-04-14 09:43:17,842 [INFO] training — Episode 389 | Reward:  212.0 | AvgReward(20):  234.00 | Loss:   3.197750 | Epsilon: 0.0100 | Replay:  39025 | BestAvg:  242.35
2026-04-14 09:43:18,679 [INFO] training — Episode 390 | Reward:  255.0 | AvgReward(20):  238.35 | Loss:   1.716162 | Epsilon: 0.0100 | Replay:  39280 | BestAvg:  242.35
2026-04-14 09:43:19,597 [INFO] training — New best moving average 242.40 at episode 391. Checkpoint saved to /content/dqn/checkpoints/training_best_model.pt
2026-04-14 09:43:19,597 [INFO] training — Episode 391 | Reward:  266.0 | AvgReward(20):  242.40 | Loss:   3.103860 | Epsilon: 0.0100 | Replay:  39546 | BestAvg:  242.40
2026-04-14 09:43:20,374 [INFO] training — New best moving average 248.20 at episode 392. Checkpoint saved to /content/dqn/checkpoints/training_best_model.pt
2026-04-14 09:43:20,374 [INFO] training — Episode 392 | Reward:  287.0 | AvgReward(20):  248.20 | Loss:   2.072032 | Epsilon: 0.0100 | Replay:  39833 | BestAvg:  248.20
2026-04-14 09:43:21,261 [INFO] training — New best moving average 255.45 at episode 393. Checkpoint saved to /content/dqn/checkpoints/training_best_model.pt
2026-04-14 09:43:21,261 [INFO] training — Episode 393 | Reward:  319.0 | AvgReward(20):  255.45 | Loss:   3.096561 | Epsilon: 0.0100 | Replay:  40152 | BestAvg:  255.45
2026-04-14 09:43:22,011 [INFO] training — New best moving average 259.50 at episode 394. Checkpoint saved to /content/dqn/checkpoints/training_best_model.pt
2026-04-14 09:43:22,011 [INFO] training — Episode 394 | Reward:  273.0 | AvgReward(20):  259.50 | Loss:   2.260715 | Epsilon: 0.0100 | Replay:  40425 | BestAvg:  259.50
2026-04-14 09:43:22,727 [INFO] training — New best moving average 263.75 at episode 395. Checkpoint saved to /content/dqn/checkpoints/training_best_model.pt
2026-04-14 09:43:22,727 [INFO] training — Episode 395 | Reward:  256.0 | AvgReward(20):  263.75 | Loss:   2.947260 | Epsilon: 0.0100 | Replay:  40681 | BestAvg:  263.75
2026-04-14 09:43:23,473 [INFO] training — New best moving average 265.80 at episode 396. Checkpoint saved to /content/dqn/checkpoints/training_best_model.pt
2026-04-14 09:43:23,473 [INFO] training — Episode 396 | Reward:  270.0 | AvgReward(20):  265.80 | Loss:   2.691532 | Epsilon: 0.0100 | Replay:  40951 | BestAvg:  265.80
2026-04-14 09:43:24,011 [INFO] training — Episode 397 | Reward:  204.0 | AvgReward(20):  264.85 | Loss:   3.016961 | Epsilon: 0.0100 | Replay:  41155 | BestAvg:  265.80
2026-04-14 09:43:24,635 [INFO] training — Episode 398 | Reward:  222.0 | AvgReward(20):  265.15 | Loss:   3.606070 | Epsilon: 0.0100 | Replay:  41377 | BestAvg:  265.80
2026-04-14 09:43:25,130 [INFO] training — Episode 399 | Reward:  169.0 | AvgReward(20):  260.05 | Loss:   2.355493 | Epsilon: 0.0100 | Replay:  41546 | BestAvg:  265.80
2026-04-14 09:43:25,673 [INFO] training — Episode 400 | Reward:  190.0 | AvgReward(20):  255.00 | Loss:   2.411788 | Epsilon: 0.0100 | Replay:  41736 | BestAvg:  265.80
2026-04-14 09:43:26,362 [INFO] training — Episode 401 | Reward:  242.0 | AvgReward(20):  252.45 | Loss:   2.394731 | Epsilon: 0.0100 | Replay:  41978 | BestAvg:  265.80
2026-04-14 09:43:27,113 [INFO] training — Episode 402 | Reward:  253.0 | AvgReward(20):  252.55 | Loss:   2.290017 | Epsilon: 0.0100 | Replay:  42231 | BestAvg:  265.80
2026-04-14 09:43:27,843 [INFO] training — Episode 403 | Reward:  253.0 | AvgReward(20):  250.35 | Loss:   2.815993 | Epsilon: 0.0100 | Replay:  42484 | BestAvg:  265.80
2026-04-14 09:43:28,728 [INFO] training — Episode 404 | Reward:  310.0 | AvgReward(20):  253.45 | Loss:   3.132408 | Epsilon: 0.0100 | Replay:  42794 | BestAvg:  265.80
2026-04-14 09:43:29,705 [INFO] training — Episode 405 | Reward:  305.0 | AvgReward(20):  255.35 | Loss:   3.192639 | Epsilon: 0.0100 | Replay:  43099 | BestAvg:  265.80
2026-04-14 09:43:30,446 [INFO] training — Episode 406 | Reward:  215.0 | AvgReward(20):  251.55 | Loss:   1.561118 | Epsilon: 0.0100 | Replay:  43314 | BestAvg:  265.80
2026-04-14 09:43:31,614 [INFO] training — Episode 407 | Reward:  306.0 | AvgReward(20):  251.80 | Loss:   1.758555 | Epsilon: 0.0100 | Replay:  43620 | BestAvg:  265.80
2026-04-14 09:43:32,614 [INFO] training — Episode 408 | Reward:  309.0 | AvgReward(20):  255.80 | Loss:   3.258856 | Epsilon: 0.0100 | Replay:  43929 | BestAvg:  265.80
2026-04-14 09:43:33,526 [INFO] training — Episode 409 | Reward:  307.0 | AvgReward(20):  260.55 | Loss:   2.472219 | Epsilon: 0.0100 | Replay:  44236 | BestAvg:  265.80
2026-04-14 09:43:34,460 [INFO] training — Episode 410 | Reward:  320.0 | AvgReward(20):  263.80 | Loss:   2.732388 | Epsilon: 0.0100 | Replay:  44556 | BestAvg:  265.80
2026-04-14 09:43:35,283 [INFO] training — Episode 411 | Reward:  290.0 | AvgReward(20):  265.00 | Loss:   2.013461 | Epsilon: 0.0100 | Replay:  44846 | BestAvg:  265.80
2026-04-14 09:43:36,053 [INFO] training — Episode 412 | Reward:  266.0 | AvgReward(20):  263.95 | Loss:   2.759432 | Epsilon: 0.0100 | Replay:  45112 | BestAvg:  265.80
2026-04-14 09:43:36,917 [INFO] training — Episode 413 | Reward:  289.0 | AvgReward(20):  262.45 | Loss:   2.055374 | Epsilon: 0.0100 | Replay:  45401 | BestAvg:  265.80
2026-04-14 09:43:37,751 [INFO] training — Episode 414 | Reward:  281.0 | AvgReward(20):  262.85 | Loss:   2.467496 | Epsilon: 0.0100 | Replay:  45682 | BestAvg:  265.80
2026-04-14 09:43:38,346 [INFO] training — Episode 415 | Reward:  210.0 | AvgReward(20):  260.55 | Loss:   2.753671 | Epsilon: 0.0100 | Replay:  45892 | BestAvg:  265.80
2026-04-14 09:43:38,972 [INFO] training — Episode 416 | Reward:  227.0 | AvgReward(20):  258.40 | Loss:   2.304211 | Epsilon: 0.0100 | Replay:  46119 | BestAvg:  265.80
2026-04-14 09:43:39,698 [INFO] training — Episode 417 | Reward:  238.0 | AvgReward(20):  260.10 | Loss:   4.705267 | Epsilon: 0.0100 | Replay:  46357 | BestAvg:  265.80
2026-04-14 09:43:40,703 [INFO] training — Episode 418 | Reward:  248.0 | AvgReward(20):  261.40 | Loss:   2.917598 | Epsilon: 0.0100 | Replay:  46605 | BestAvg:  265.80
2026-04-14 09:43:41,513 [INFO] training — New best moving average 267.00 at episode 419. Checkpoint saved to /content/dqn/checkpoints/training_best_model.pt
2026-04-14 09:43:41,513 [INFO] training — Episode 419 | Reward:  281.0 | AvgReward(20):  267.00 | Loss:   2.244599 | Epsilon: 0.0100 | Replay:  46886 | BestAvg:  267.00
2026-04-14 09:43:42,463 [INFO] training — New best moving average 271.70 at episode 420. Checkpoint saved to /content/dqn/checkpoints/training_best_model.pt
2026-04-14 09:43:42,463 [INFO] training — Episode 420 | Reward:  284.0 | AvgReward(20):  271.70 | Loss:   3.202712 | Epsilon: 0.0100 | Replay:  47170 | BestAvg:  271.70
2026-04-14 09:43:43,382 [INFO] training — New best moving average 272.80 at episode 421. Checkpoint saved to /content/dqn/checkpoints/training_best_model.pt
2026-04-14 09:43:43,383 [INFO] training — Episode 421 | Reward:  264.0 | AvgReward(20):  272.80 | Loss:   2.492361 | Epsilon: 0.0100 | Replay:  47434 | BestAvg:  272.80
2026-04-14 09:43:44,472 [INFO] training — New best moving average 274.45 at episode 422. Checkpoint saved to /content/dqn/checkpoints/training_best_model.pt
2026-04-14 09:43:44,472 [INFO] training — Episode 422 | Reward:  286.0 | AvgReward(20):  274.45 | Loss:   4.020936 | Epsilon: 0.0100 | Replay:  47720 | BestAvg:  274.45
2026-04-14 09:43:45,251 [INFO] training — New best moving average 275.90 at episode 423. Checkpoint saved to /content/dqn/checkpoints/training_best_model.pt
2026-04-14 09:43:45,251 [INFO] training — Episode 423 | Reward:  282.0 | AvgReward(20):  275.90 | Loss:   3.181892 | Epsilon: 0.0100 | Replay:  48002 | BestAvg:  275.90
2026-04-14 09:43:45,764 [INFO] training — Episode 424 | Reward:  197.0 | AvgReward(20):  270.25 | Loss:   3.019872 | Epsilon: 0.0100 | Replay:  48199 | BestAvg:  275.90
2026-04-14 09:43:46,369 [INFO] training — Episode 425 | Reward:  221.0 | AvgReward(20):  266.05 | Loss:   2.097014 | Epsilon: 0.0100 | Replay:  48420 | BestAvg:  275.90
2026-04-14 09:43:47,023 [INFO] training — Episode 426 | Reward:  239.0 | AvgReward(20):  267.25 | Loss:   2.092258 | Epsilon: 0.0100 | Replay:  48659 | BestAvg:  275.90
2026-04-14 09:43:47,532 [INFO] training — Episode 427 | Reward:  186.0 | AvgReward(20):  261.25 | Loss:   1.010572 | Epsilon: 0.0100 | Replay:  48845 | BestAvg:  275.90
2026-04-14 09:43:48,030 [INFO] training — Episode 428 | Reward:  182.0 | AvgReward(20):  254.90 | Loss:   1.943317 | Epsilon: 0.0100 | Replay:  49027 | BestAvg:  275.90
2026-04-14 09:43:48,444 [INFO] training — Episode 429 | Reward:  154.0 | AvgReward(20):  247.25 | Loss:   1.716773 | Epsilon: 0.0100 | Replay:  49181 | BestAvg:  275.90
2026-04-14 09:43:49,550 [INFO] training — Episode 430 | Reward:  405.0 | AvgReward(20):  251.50 | Loss:   2.140082 | Epsilon: 0.0100 | Replay:  49586 | BestAvg:  275.90
2026-04-14 09:43:50,646 [INFO] training — Episode 431 | Reward:  397.0 | AvgReward(20):  256.85 | Loss:   2.614490 | Epsilon: 0.0100 | Replay:  49983 | BestAvg:  275.90
2026-04-14 09:43:51,948 [INFO] training — Episode 432 | Reward:  473.0 | AvgReward(20):  267.20 | Loss:   2.499681 | Epsilon: 0.0100 | Replay:  50456 | BestAvg:  275.90
2026-04-14 09:43:53,325 [INFO] training — New best moving average 277.75 at episode 433. Checkpoint saved to /content/dqn/checkpoints/training_best_model.pt
2026-04-14 09:43:53,325 [INFO] training — Episode 433 | Reward:  500.0 | AvgReward(20):  277.75 | Loss:   2.251826 | Epsilon: 0.0100 | Replay:  50956 | BestAvg:  277.75
2026-04-14 09:43:54,786 [INFO] training — New best moving average 288.70 at episode 434. Checkpoint saved to /content/dqn/checkpoints/training_best_model.pt
2026-04-14 09:43:54,786 [INFO] training — Episode 434 | Reward:  500.0 | AvgReward(20):  288.70 | Loss:   2.608873 | Epsilon: 0.0100 | Replay:  51456 | BestAvg:  288.70
2026-04-14 09:43:56,525 [INFO] training — New best moving average 303.20 at episode 435. Checkpoint saved to /content/dqn/checkpoints/training_best_model.pt
2026-04-14 09:43:56,525 [INFO] training — Episode 435 | Reward:  500.0 | AvgReward(20):  303.20 | Loss:   2.369961 | Epsilon: 0.0100 | Replay:  51956 | BestAvg:  303.20
2026-04-14 09:43:58,018 [INFO] training — New best moving average 316.85 at episode 436. Checkpoint saved to /content/dqn/checkpoints/training_best_model.pt
2026-04-14 09:43:58,018 [INFO] training — Episode 436 | Reward:  500.0 | AvgReward(20):  316.85 | Loss:   2.113778 | Epsilon: 0.0100 | Replay:  52456 | BestAvg:  316.85
2026-04-14 09:43:59,614 [INFO] training — New best moving average 329.95 at episode 437. Checkpoint saved to /content/dqn/checkpoints/training_best_model.pt
2026-04-14 09:43:59,614 [INFO] training — Episode 437 | Reward:  500.0 | AvgReward(20):  329.95 | Loss:   2.503026 | Epsilon: 0.0100 | Replay:  52956 | BestAvg:  329.95
2026-04-14 09:44:00,965 [INFO] training — New best moving average 342.55 at episode 438. Checkpoint saved to /content/dqn/checkpoints/training_best_model.pt
2026-04-14 09:44:00,965 [INFO] training — Episode 438 | Reward:  500.0 | AvgReward(20):  342.55 | Loss:   4.094460 | Epsilon: 0.0100 | Replay:  53456 | BestAvg:  342.55
2026-04-14 09:44:02,304 [INFO] training — New best moving average 353.50 at episode 439. Checkpoint saved to /content/dqn/checkpoints/training_best_model.pt
2026-04-14 09:44:02,304 [INFO] training — Episode 439 | Reward:  500.0 | AvgReward(20):  353.50 | Loss:   2.510654 | Epsilon: 0.0100 | Replay:  53956 | BestAvg:  353.50
2026-04-14 09:44:03,713 [INFO] training — New best moving average 364.30 at episode 440. Checkpoint saved to /content/dqn/checkpoints/training_best_model.pt
2026-04-14 09:44:03,713 [INFO] training — Episode 440 | Reward:  500.0 | AvgReward(20):  364.30 | Loss:   3.217421 | Epsilon: 0.0100 | Replay:  54456 | BestAvg:  364.30
2026-04-14 09:44:05,127 [INFO] training — New best moving average 376.10 at episode 441. Checkpoint saved to /content/dqn/checkpoints/training_best_model.pt
2026-04-14 09:44:05,127 [INFO] training — Episode 441 | Reward:  500.0 | AvgReward(20):  376.10 | Loss:   3.276371 | Epsilon: 0.0100 | Replay:  54956 | BestAvg:  376.10
2026-04-14 09:44:06,567 [INFO] training — New best moving average 386.80 at episode 442. Checkpoint saved to /content/dqn/checkpoints/training_best_model.pt
2026-04-14 09:44:06,567 [INFO] training — Episode 442 | Reward:  500.0 | AvgReward(20):  386.80 | Loss:   2.760203 | Epsilon: 0.0100 | Replay:  55456 | BestAvg:  386.80
2026-04-14 09:44:08,445 [INFO] training — New best moving average 397.70 at episode 443. Checkpoint saved to /content/dqn/checkpoints/training_best_model.pt
2026-04-14 09:44:08,445 [INFO] training — Episode 443 | Reward:  500.0 | AvgReward(20):  397.70 | Loss:   2.634008 | Epsilon: 0.0100 | Replay:  55956 | BestAvg:  397.70
2026-04-14 09:44:10,171 [INFO] training — New best moving average 412.85 at episode 444. Checkpoint saved to /content/dqn/checkpoints/training_best_model.pt
2026-04-14 09:44:10,171 [INFO] training — Episode 444 | Reward:  500.0 | AvgReward(20):  412.85 | Loss:   3.527525 | Epsilon: 0.0100 | Replay:  56456 | BestAvg:  412.85
2026-04-14 09:44:11,599 [INFO] training — New best moving average 426.80 at episode 445. Checkpoint saved to /content/dqn/checkpoints/training_best_model.pt
2026-04-14 09:44:11,599 [INFO] training — Episode 445 | Reward:  500.0 | AvgReward(20):  426.80 | Loss:   3.093687 | Epsilon: 0.0100 | Replay:  56956 | BestAvg:  426.80
2026-04-14 09:44:13,061 [INFO] training — New best moving average 439.85 at episode 446. Checkpoint saved to /content/dqn/checkpoints/training_best_model.pt
2026-04-14 09:44:13,061 [INFO] training — Episode 446 | Reward:  500.0 | AvgReward(20):  439.85 | Loss:   3.653546 | Epsilon: 0.0100 | Replay:  57456 | BestAvg:  439.85
2026-04-14 09:44:14,471 [INFO] training — New best moving average 455.55 at episode 447. Checkpoint saved to /content/dqn/checkpoints/training_best_model.pt
2026-04-14 09:44:14,471 [INFO] training — Episode 447 | Reward:  500.0 | AvgReward(20):  455.55 | Loss:   3.218594 | Epsilon: 0.0100 | Replay:  57956 | BestAvg:  455.55
2026-04-14 09:44:15,894 [INFO] training — New best moving average 471.45 at episode 448. Checkpoint saved to /content/dqn/checkpoints/training_best_model.pt
2026-04-14 09:44:15,895 [INFO] training — Episode 448 | Reward:  500.0 | AvgReward(20):  471.45 | Loss:   4.329483 | Epsilon: 0.0100 | Replay:  58456 | BestAvg:  471.45
2026-04-14 09:44:17,358 [INFO] training — New best moving average 488.75 at episode 449. Checkpoint saved to /content/dqn/checkpoints/training_best_model.pt
2026-04-14 09:44:17,358 [INFO] training — Episode 449 | Reward:  500.0 | AvgReward(20):  488.75 | Loss:   4.959771 | Epsilon: 0.0100 | Replay:  58956 | BestAvg:  488.75
2026-04-14 09:44:17,358 [INFO] training — Early stopping triggered: moving average reward reached 488.75.
2026-04-14 09:44:17,359 [INFO] training — Training summary | episodes=449 final_reward=500.00 best_reward=500.00 final_mavg=488.75 best_mavg=488.75 mean_loss=2.200487 final_epsilon=0.0100 final_replay=58956
2026-04-14 09:44:17,359 [INFO] training — Training environment closed.
